This is pdfeTeX, Version 3.141592-1.21a-2.2 (Web2C 7.5.4) (format=pdflatex 2009.2.18)  23 JUN 2009 13:38
entering extended mode
\write18 enabled.
**ET-encodingTrees.TraversableEncodingTree.tex
(./ET-encodingTrees.TraversableEncodingTree.tex
LaTeX2e <2003/12/01>
Babel <v3.8d> and hyphenation patterns for american, french, german, ngerman, b
ahasa, basque, bulgarian, catalan, croatian, czech, danish, dutch, esperanto, e
stonian, finnish, greek, icelandic, irish, italian, latin, magyar, norsk, polis
h, portuges, romanian, russian, serbian, slovak, slovene, spanish, swedish, tur
kish, ukrainian, nohyphenation, loaded.
(/sw/share/texmf-dist/tex/latex/base/article.cls
Document Class: article 2004/02/16 v1.4f Standard LaTeX document class
(/sw/share/texmf-dist/tex/latex/base/size12.clo
File: size12.clo 2004/02/16 v1.4f Standard LaTeX file (size option)
)
\c@part=\count79
\c@section=\count80
\c@subsection=\count81
\c@subsubsection=\count82
\c@paragraph=\count83
\c@subparagraph=\count84
\c@figure=\count85
\c@table=\count86
\abovecaptionskip=\skip41
\belowcaptionskip=\skip42
\bibindent=\dimen102
)
(/sw/share/texmf-dist/tex/latex/psnfss/palatino.sty
Package: palatino 2004/09/15 PSNFSS-v9.2 (SPQR) 
) (./fullpage.sty
Style Option FULLPAGE Version 2 as of 15 Dec 1988
) (/sw/share/texmf-dist/tex/latex/url/url.sty
\Urlmuskip=\muskip10
Package: url 2004/03/15  ver 3.1  Verb mode for urls, etc.
)
(/sw/share/texmf-dist/tex/latex/amsmath/amsmath.sty
Package: amsmath 2000/07/18 v2.13 AMS math features
\@mathmargin=\skip43

For additional information on amsmath, use the `?' option.
(/sw/share/texmf-dist/tex/latex/amsmath/amstext.sty
Package: amstext 2000/06/29 v2.01

(/sw/share/texmf-dist/tex/latex/amsmath/amsgen.sty
File: amsgen.sty 1999/11/30 v2.0
\@emptytoks=\toks14
\ex@=\dimen103
))
(/sw/share/texmf-dist/tex/latex/amsmath/amsbsy.sty
Package: amsbsy 1999/11/29 v1.2d
\pmbraise@=\dimen104
)
(/sw/share/texmf-dist/tex/latex/amsmath/amsopn.sty
Package: amsopn 1999/12/14 v2.01 operator names
)
\inf@bad=\count87
LaTeX Info: Redefining \frac on input line 211.
\uproot@=\count88
\leftroot@=\count89
LaTeX Info: Redefining \overline on input line 307.
\classnum@=\count90
\DOTSCASE@=\count91
LaTeX Info: Redefining \ldots on input line 379.
LaTeX Info: Redefining \dots on input line 382.
LaTeX Info: Redefining \cdots on input line 467.
\Mathstrutbox@=\box26
\strutbox@=\box27
\big@size=\dimen105
LaTeX Font Info:    Redeclaring font encoding OML on input line 567.
LaTeX Font Info:    Redeclaring font encoding OMS on input line 568.
\macc@depth=\count92
\c@MaxMatrixCols=\count93
\dotsspace@=\muskip11
\c@parentequation=\count94
\dspbrk@lvl=\count95
\tag@help=\toks15
\row@=\count96
\column@=\count97
\maxfields@=\count98
\andhelp@=\toks16
\eqnshift@=\dimen106
\alignsep@=\dimen107
\tagshift@=\dimen108
\tagwidth@=\dimen109
\totwidth@=\dimen110
\lineht@=\dimen111
\@envbody=\toks17
\multlinegap=\skip44
\multlinetaggap=\skip45
\mathdisplay@stack=\toks18
LaTeX Info: Redefining \[ on input line 2666.
LaTeX Info: Redefining \] on input line 2667.
)
(/sw/share/texmf-dist/tex/latex/eepic/eepic.sty
Extension to Epic and LaTeX. Version 1.1e - Released Dec 21, 1999
\@gphlinewidth=\count99
\@eepictcnt=\count100
\@tempdimc=\dimen112
\maxovaldiam=\dimen113
\@filltype=\box28
) (./epic.sty
Enhancements to Picture Environment. Version 1.2 - Released June 1, 1986
\@@multicnt=\count101
\d@lta=\count102
\@delta=\dimen114
\@@delta=\dimen115
\@gridcnt=\count103
\@joinkind=\count104
\@dotgap=\dimen116
\@ddotgap=\dimen117
\@x@diff=\count105
\@y@diff=\count106
\x@diff=\dimen118
\y@diff=\dimen119
\@dotbox=\box29
\num@segments=\count107
\num@segmentsi=\count108
\@datafile=\read1
) (./ecltree.sty
ECL Tree graph macro by isozaki, Nov. 12, 1990
\@BundleWidth=\dimen120
\@BundleDepth=\dimen121
\@BundleHeight=\dimen122
\@NodeBox=\box30
\GapDepth=\dimen123
\GapWidth=\dimen124
\EdgeLabelSep=\dimen125
) (./ET-encodingTrees.TraversableEncodingTree.aux)
\openout1 = `ET-encodingTrees.TraversableEncodingTree.aux'.

LaTeX Font Info:    Checking defaults for OML/cmm/m/it on input line 10.
LaTeX Font Info:    ... okay on input line 10.
LaTeX Font Info:    Checking defaults for T1/cmr/m/n on input line 10.
LaTeX Font Info:    ... okay on input line 10.
LaTeX Font Info:    Checking defaults for OT1/cmr/m/n on input line 10.
LaTeX Font Info:    ... okay on input line 10.
LaTeX Font Info:    Checking defaults for OMS/cmsy/m/n on input line 10.
LaTeX Font Info:    ... okay on input line 10.
LaTeX Font Info:    Checking defaults for OMX/cmex/m/n on input line 10.
LaTeX Font Info:    ... okay on input line 10.
LaTeX Font Info:    Checking defaults for U/cmr/m/n on input line 10.
LaTeX Font Info:    ... okay on input line 10.
LaTeX Font Info:    Try loading font information for OT1+ppl on input line 10.

(/sw/share/texmf-dist/tex/latex/psnfss/ot1ppl.fd
File: ot1ppl.fd 2001/06/04 font definitions for OT1/ppl.
)
Overfull \hbox (37.12329pt too wide) in paragraph at lines 17--112
  []
 []


Underfull \hbox (badness 10000) in paragraph at lines 17--112

 []

[1

{/sw/var/lib/texmf/fonts/map/pdftex/updmap/pdftex.map}] [2]
(./ET-encodingTrees.TraversableEncodingTree.aux) ) 
Here is how much of TeX's memory you used:
 1126 strings out of 94500
 12846 string characters out of 1176114
 117015 words of memory out of 1000000
 4325 multiletter control sequences out of 10000+50000
 9629 words of font info for 34 fonts, out of 500000 for 2000
 580 hyphenation exceptions out of 1000
 27i,14n,40p,348b,281s stack positions out of 1500i,500n,5000p,200000b,5000s
PDF statistics:
 16 PDF objects out of 300000
 0 named destinations out of 131072
 1 words of extra memory for PDF output out of 65536
{/sw/share/texmf-dist/fonts/e
nc/dvips/psnfss/8r.enc}</sw/share/texmf-dist/fonts/type1/urw/palatino/uplr8a.pf
b></sw/share/texmf-dist/fonts/type1/bluesky/cm/cmtt10.pfb></sw/share/texmf-dist
/fonts/type1/bluesky/cm/cmsy10.pfb>
Output written on ET-encodingTrees.TraversableEncodingTree.pdf (2 pages, 38235 
bytes).
