This is TeX, Version 3.14159 (Web2C 7.4.5) (format=latex 2005.4.4)  31 JAN 2007 16:54
**\nonstopmode\input{tmp.tex}
(./tmp.tex (/sw/share/texmf/tex/latex/base/article.cls
Document Class: article 2001/04/21 v1.4e Standard LaTeX document class
(/sw/share/texmf/tex/latex/base/size12.clo
File: size12.clo 2001/04/21 v1.4e Standard LaTeX file (size option)
)
\c@part=\count79
\c@section=\count80
\c@subsection=\count81
\c@subsubsection=\count82
\c@paragraph=\count83
\c@subparagraph=\count84
\c@figure=\count85
\c@table=\count86
\abovecaptionskip=\skip41
\belowcaptionskip=\skip42
\bibindent=\dimen102
)
(/sw/share/texmf/tex/latex/psnfss/palatino.sty
Package: palatino 2002/09/08 PSNFSS-v9.0a (SPQR) 
)
(/sw/share/texmf/tex/latex/preprint/fullpage.sty
Package: fullpage 1999/02/23 1.1 (PWD)
\FP@margin=\skip43
)
(/sw/share/texmf/tex/latex/misc/url.sty
\Urlmuskip=\muskip10
Package: url 1999/03/28  ver 1.5x  Verb mode for urls, etc.
)
(/sw/share/texmf/tex/latex/amsmath/amsmath.sty
Package: amsmath 2000/07/18 v2.13 AMS math features
\@mathmargin=\skip44

For additional information on amsmath, use the `?' option.
(/sw/share/texmf/tex/latex/amsmath/amstext.sty
Package: amstext 2000/06/29 v2.01

(/sw/share/texmf/tex/latex/amsmath/amsgen.sty
File: amsgen.sty 1999/11/30 v2.0
\@emptytoks=\toks14
\ex@=\dimen103
))
(/sw/share/texmf/tex/latex/amsmath/amsbsy.sty
Package: amsbsy 1999/11/29 v1.2d
\pmbraise@=\dimen104
)
(/sw/share/texmf/tex/latex/amsmath/amsopn.sty
Package: amsopn 1999/12/14 v2.01 operator names
)
\inf@bad=\count87
LaTeX Info: Redefining \frac on input line 211.
\uproot@=\count88
\leftroot@=\count89
LaTeX Info: Redefining \overline on input line 307.
\classnum@=\count90
\DOTSCASE@=\count91
LaTeX Info: Redefining \ldots on input line 379.
LaTeX Info: Redefining \dots on input line 382.
LaTeX Info: Redefining \cdots on input line 467.
\Mathstrutbox@=\box26
\strutbox@=\box27
\big@size=\dimen105
LaTeX Font Info:    Redeclaring font encoding OML on input line 567.
LaTeX Font Info:    Redeclaring font encoding OMS on input line 568.
\macc@depth=\count92
\c@MaxMatrixCols=\count93
\dotsspace@=\muskip11
\c@parentequation=\count94
\dspbrk@lvl=\count95
\tag@help=\toks15
\row@=\count96
\column@=\count97
\maxfields@=\count98
\andhelp@=\toks16
\eqnshift@=\dimen106
\alignsep@=\dimen107
\tagshift@=\dimen108
\tagwidth@=\dimen109
\totwidth@=\dimen110
\lineht@=\dimen111
\@envbody=\toks17
\multlinegap=\skip45
\multlinetaggap=\skip46
\mathdisplay@stack=\toks18
LaTeX Info: Redefining \[ on input line 2666.
LaTeX Info: Redefining \] on input line 2667.
)
(/sw/share/texmf/tex/latex/eepic/epic.sty
Enhancements to Picture Environment. Version 1.2 - Released June 1, 1986
\@@multicnt=\count99
\d@lta=\count100
\@delta=\dimen112
\@@delta=\dimen113
\@gridcnt=\count101
\@joinkind=\count102
\@dotgap=\dimen114
\@ddotgap=\dimen115
\@x@diff=\count103
\@y@diff=\count104
\x@diff=\dimen116
\y@diff=\dimen117
\@dotbox=\box28
\num@segments=\count105
\num@segmentsi=\count106
\@datafile=\read1
) (/sw/share/texmf/tex/latex/misc/ecltree.sty
ECL Tree graph macro by isozaki, Nov. 12, 1990
\@BundleWidth=\dimen118
\@BundleDepth=\dimen119
\@BundleHeight=\dimen120
\@NodeBox=\box29
\GapDepth=\dimen121
\GapWidth=\dimen122
\EdgeLabelSep=\dimen123
)
No file tmp.aux.
\openout1 = `tmp.aux'.

LaTeX Font Info:    Checking defaults for OML/cmm/m/it on input line 8.
LaTeX Font Info:    ... okay on input line 8.
LaTeX Font Info:    Checking defaults for T1/cmr/m/n on input line 8.
LaTeX Font Info:    ... okay on input line 8.
LaTeX Font Info:    Checking defaults for OT1/cmr/m/n on input line 8.
LaTeX Font Info:    ... okay on input line 8.
LaTeX Font Info:    Checking defaults for OMS/cmsy/m/n on input line 8.
LaTeX Font Info:    ... okay on input line 8.
LaTeX Font Info:    Checking defaults for OMX/cmex/m/n on input line 8.
LaTeX Font Info:    ... okay on input line 8.
LaTeX Font Info:    Checking defaults for U/cmr/m/n on input line 8.
LaTeX Font Info:    ... okay on input line 8.
LaTeX Font Info:    Try loading font information for OT1+ppl on input line 8.
(/sw/share/texmf/tex/latex/psnfss/ot1ppl.fd
File: ot1ppl.fd 2001/06/04 font definitions for OT1/ppl.
)
Overfull \hbox (30.42023pt too wide) in paragraph at lines 9--10
$\OT1/cmtt/m/n/12 containmentHierarchyVariants . RowColUnigram(probabilityDistr
ibutionsVOCA . ProbDist _
 []

[1

]
Missing character: There is no ^^a6 in font pplr7t!
Missing character: There is no ^^a6 in font pplr7t!
Missing character: There is no ^^c0 in font pplr7t!
Missing character: There is no ^^c0 in font pplr7t!

Overfull \hbox (8.58835pt too wide) in paragraph at lines 17--105
[][]$\OMS/cmsy/m/n/12 t$ \OT1/ppl/m/n/12 <== (W8)*S(W6)*S T <==
 []


Overfull \hbox (40.7782pt too wide) in paragraph at lines 17--105
\OT1/ppl/m/n/12 (W8)*S(W6)*WS I <== (W8)*S(W6)*WWS H <== (W8)*S(W6)*WWWS F <== 
(W8)*S(W6)*WWWWS
 []


Overfull \hbox (16.46803pt too wide) in paragraph at lines 17--105
\OT1/ppl/m/n/12 ?` <== (W8)*WWS(W6)*WWWWWS N <== (W8)*WWWS(W6)*S D <== (W8)*WWW
S(W6)*WS
 []


Overfull \hbox (54.88007pt too wide) in paragraph at lines 17--105
\OT1/ppl/m/n/12 Y <== (W8)*WWWS(W6)*WWS J <== (W8)*WWWS(W6)*WWWS , <== (W8)*WWW
S(W6)*WWWWS
 []


Overfull \hbox (53.21219pt too wide) in paragraph at lines 17--105
\OT1/ppl/m/n/12 0 <== (W8)*WWWS(W6)*WWWWWS L <== (W8)*WWWWS(W6)*S W <== (W8)*WW
WWS(W6)*WS
 []


Overfull \hbox (92.88483pt too wide) in paragraph at lines 17--105
\OT1/ppl/m/n/12 X <== (W8)*WWWWS(W6)*WWS . <== (W8)*WWWWS(W6)*WWWS 1 <== (W8)*W
WWWS(W6)*WWWWS
 []


Overfull \hbox (89.94402pt too wide) in paragraph at lines 17--105
\OT1/ppl/m/n/12 2 <== (W8)*WWWWS(W6)*WWWWWS M <== (W8)*WWWWWS(W6)*S K <== (W8)*
WWWWWS(W6)*WS
 []


Overfull \hbox (129.20956pt too wide) in paragraph at lines 17--105
\OT1/ppl/m/n/12 ? <== (W8)*WWWWWS(W6)*WWS 3 <== (W8)*WWWWWS(W6)*WWWS 4 <== (W8)
*WWWWWS(W6)*WWWWS
 []


Overfull \hbox (117.88004pt too wide) in paragraph at lines 17--105
\OT1/ppl/m/n/12 5 <== (W8)*WWWWWS(W6)*WWWWWS V <== (W8)*WWWWWWS(W6)*S ' <== (W8
)*WWWWWWS(W6)*WS
 []


Overfull \hbox (165.88164pt too wide) in paragraph at lines 17--105
\OT1/ppl/m/n/12 6 <== (W8)*WWWWWWS(W6)*WWS 7 <== (W8)*WWWWWWS(W6)*WWWS 8 <== (W
8)*WWWWWWS(W6)*WWWWS
 []

[2]
Overfull \vbox (26.0693pt too high) has occurred while \output is active []


[3] [4] (./tmp.aux) ) 
Here is how much of TeX's memory you used:
 1069 strings out of 95847
 11857 string characters out of 1196010
 69119 words of memory out of 1000001
 4036 multiletter control sequences out of 10000+50000
 8954 words of font info for 33 fonts, out of 500000 for 1000
 14 hyphenation exceptions out of 1000
 28i,12n,30p,968b,303s stack positions out of 1500i,500n,5000p,200000b,5000s

Output written on tmp.dvi (4 pages, 8124 bytes).
