Compare/NNP/B-NP &/CC/I-NP Contrast/NNP/I-NP :/:/O Ad/NN/B-NP Program/NN/I-NP Strategies/NNS/I-NP (/(/O Google/NNP/B-NP ,/,/O Yahoo/NNP/B-NP ,/,/O Microsoft/NNP/B-NP )/)/O 
Compare/NNP/B-NP &/CC/I-NP Contrast/NNP/I-NP :/:/O Ad/NN/B-NP Program/NN/I-NP Strategies/NNS/I-NP (/(/O Google/NNP/B-NP ,/,/O Yahoo/NNP/B-NP ,/,/O Microsoft/NNP/B-NP )/)/O 
Detlev/NNP/B-NP Johnson/NNP/I-NP is/VBZ/B-VP modding/VBG/I-VP up/RP/B-PRT this/DT/B-NP session/NN/I-NP ././O 
He/PRP/B-NP introduces/VBZ/B-VP the/DT/B-NP show/NN/I-NP to/TO/B-PP this/DT/B-NP audience/NN/I-NP ././O 
And/CC/O then/RB/B-VP explains/VBZ/I-VP the/DT/B-NP session/NN/I-NP at/IN/B-PP hand/NN/B-NP ././O 
Brad/NNP/B-NP Geddes/NNP/I-NP (/(/O aka/JJ/B-NP eWhisper/NN/I-NP )/)/O is/VBZ/B-VP up/RB/B-ADVP first/RB/B-ADVP ,/,/O from/IN/B-PP LocalLaunch/NNP/B-NP ,/,/O asks/VBZ/B-VP people/NNS/B-NP to/TO/B-VP turn/VB/I-VP off/RP/B-PRT their/PRP$/B-NP cell/NN/I-NP phones/NNS/I-NP ././O 
Google/NNP/B-NP AdWords/NNPS/I-NP supports/VBZ/B-VP over/IN/B-NP 200/CD/I-NP countries/NNS/I-NP ,/,/O with/IN/B-PP 27/CD/B-NP regional/JJ/I-NP targeting/VBG/I-NP options/NNS/I-NP ././O 
He/PRP/B-NP shows/VBZ/B-VP a/DT/B-NP screen/NN/I-NP shot/NN/I-NP of/IN/B-PP the/DT/B-NP countries/NNS/I-NP screen/VBP/B-VP in/IN/B-PP AdWords/NNP/B-NP ././O 
All/DT/B-NP countries/NNS/I-NP and/CC/I-NP territories/NNS/I-NP is/VBZ/B-VP the/DT/B-NP default/NN/I-NP option/NN/I-NP ,/,/O so/RB/O be/VB/B-VP careful/JJ/B-ADJP with/IN/B-PP that/DT/B-NP ././O 
He/PRP/B-NP said/VBD/B-VP you/PRP/B-NP should/MD/B-VP use/VB/I-VP one/CD/B-NP country/NN/I-NP per/IN/B-PP campaign/NN/B-NP ,/,/O and/CC/O he/PRP/B-NP will/MD/B-VP explain/VB/I-VP that/IN/B-SBAR more/JJR/B-NP later/RBR/B-ADVP ././O 
He/PRP/B-NP then/RB/B-ADVP showed/VBD/B-VP the/DT/B-NP regions/NNS/I-NP and/CC/I-NP cities/NNS/I-NP targeting/VBG/B-VP features/NNS/B-NP ,/,/O down/RB/B-ADVP to/TO/B-PP Los/NNP/B-NP Angeles/NNP/I-NP ,/,/O CA/NNP/B-NP ,/,/O San/NNP/B-NP Jose/NNP/I-NP ,/,/O etc/FW/B-NP ././O 
But/CC/O you/PRP/B-NP can/MD/B-VP then/RB/I-VP choose/VB/I-VP the/DT/B-NP cities/NNS/I-NP option/NN/I-NP ././O 
He/PRP/B-NP said/VBD/B-VP one/CD/B-NP of/IN/B-PP the/DT/B-NP advantages/NNS/I-NP is/VBZ/B-VP that/IN/B-SBAR you/PRP/B-NP may/MD/B-VP get/VB/I-VP a/DT/B-NP 5th/JJ/I-NP line/NN/I-NP of/IN/B-PP ad/NN/B-NP text/NN/I-NP in/IN/B-PP the/DT/B-NP Google/NNP/I-NP search/NN/I-NP page/NN/I-NP (/(/O it/PRP/B-NP shows/VBZ/B-VP the/DT/B-NP geo/NN/I-NP specific/JJ/I-NP data/NNS/I-NP to/TO/B-PP the/DT/B-NP searcher/NN/I-NP ,/,/O sometimes/RB/B-ADVP )/)/O ././O 
Google/NNP/B-NP also/RB/B-ADVP allows/VBZ/B-VP for/IN/B-PP radius/NN/B-NP targeting/VBG/B-VP ,/,/O type/NN/B-NP in/IN/B-PP a/DT/B-NP zip/NN/I-NP code/NN/I-NP and/CC/O say/VB/B-VP you/PRP/B-NP want/VBP/B-VP to/TO/I-VP target/VB/I-VP within/IN/B-PP X/JJ/B-NP miles/NNS/I-NP of/IN/B-PP that/DT/B-NP zip/NN/I-NP code/NN/I-NP ././O 
Google/NNP/B-NP also/RB/B-ADVP allows/VBZ/B-VP you/PRP/B-NP to/TO/B-VP enter/VB/I-VP multiple/JJ/B-NP points/NNS/I-NP ,/,/O intergrated/VBN/B-VP with/IN/B-PP Google/NNP/B-NP maps/NNS/I-NP ,/,/O you/PRP/B-NP can/MD/B-VP click/VB/I-VP on/IN/B-PP the/DT/B-NP map/NN/I-NP ,/,/O highlight/RB/B-ADVP and/CC/O outline/VB/B-VP the/DT/B-NP region/NN/I-NP and/CC/O that/DT/B-NP is/VBZ/B-VP where/WRB/B-ADVP you/PRP/B-NP will/MD/B-VP target/VB/I-VP ././O 
Google/NNP/B-NP also/RB/B-ADVP allows/VBZ/B-VP you/PRP/B-NP to/TO/B-VP preview/VB/I-VP your/PRP$/B-NP ads/NNS/I-NP ,/,/O as/IN/B-SBAR if/IN/I-SBAR you/PRP/B-NP are/VBP/B-VP in/IN/B-PP a/DT/B-NP specific/JJ/I-NP geo/NN/I-NP location/NN/I-NP ,/,/O so/RB/O you/PRP/B-NP can/MD/B-VP see/VB/I-VP what/WP/B-NP your/PRP$/B-NP advertisers/NNS/I-NP will/MD/B-VP see/VB/I-VP ,/,/O as/IN/B-SBAR if/IN/I-SBAR you/PRP/B-NP were/VBD/B-VP them/PRP/B-NP (/(/O this/DT/B-NP tool/NN/I-NP is/VBZ/B-VP found/VBN/I-VP in/IN/B-PP the/DT/B-NP ads/NNS/I-NP diagnostic/JJ/I-NP tool/NN/I-NP )/)/O ././O 
Microsoft/NNP/B-NP adCenter/NN/I-NP supports/VBZ/B-VP 200/CD/B-NP countries/NNS/I-NP but/CC/O only/RB/B-VP shows/VBZ/I-VP ads/NNS/B-NP in/IN/B-PP 4/CD/B-NP countries/NNS/I-NP but/CC/O they/PRP/B-NP will/MD/B-VP role/VB/I-VP out/RP/B-PRT more/RBR/B-ADVP as/IN/B-SBAR time/NN/B-NP goes/VBZ/B-VP on/RB/B-ADVP ././O 
Geographic/JJ/B-NP targeting/NN/I-NP is/VBZ/B-VP determined/VBN/I-VP at/IN/B-PP the/DT/B-NP order/NN/I-NP level/NN/I-NP (/(/O ad/NN/B-NP group/NN/I-NP level/NN/I-NP )/)/O ././O 
He/PRP/B-NP then/RB/B-ADVP shows/VBZ/B-VP screen/NN/B-NP shots/NNS/I-NP ,/,/O all/DT/B-NP customers/NNS/I-NP (/(/O all/DT/B-NP of/IN/B-PP the/DT/B-NP world/NN/I-NP )/)/O or/CC/O you/PRP/B-NP can/MD/B-VP select/VB/I-VP countries/NNS/B-NP or/CC/I-NP regions/NNS/I-NP ././O 
Yahoo/NNP/B-NP Search/NNP/I-NP Marketing/NN/I-NP ``/``/I-NP Panama/NNP/I-NP ''/''/O is/VBZ/B-VP only/RB/B-ADJP available/JJ/I-ADJP in/IN/B-PP the/DT/B-NP US/NNP/I-NP now./FW/I-NP 23/CD/I-NP countries/NNS/I-NP available/JJ/B-ADJP ,/,/O DMA/NNP/B-NP targeting/VBG/B-VP (/(/O US/PRP/B-NP only/RB/B-ADVP )/)/O ,/,/O one/CD/B-NP account/NN/I-NP per/IN/B-PP country/NN/B-NP ././O 
Each/DT/B-NP country/NN/I-NP may/MD/B-VP have/VB/I-VP different/JJ/B-NP editorial/NN/I-NP considerations/NNS/I-NP ././O 
He/PRP/B-NP then/RB/B-ADVP shows/VBZ/B-VP screen/NN/B-NP shots/NNS/I-NP from/IN/B-PP the/DT/B-NP US/NNP/I-NP based/VBN/B-NP advertisers/NNS/I-NP ././O 
You/PRP/B-NP can/MD/B-VP select/VB/I-VP entire/JJ/B-NP market/NN/I-NP versus/NN/I-NP regions/NNS/I-NP (/(/O entire/JJ/B-NP market/NN/I-NP is/VBZ/B-VP a/DT/B-NP country/NN/I-NP )/)/O ././O 
You/PRP/B-NP can/MD/B-VP drill/VB/I-VP down/RB/B-ADVP to/TO/B-PP state/NN/B-NP ,/,/I-NP region/NN/I-NP ,/,/I-NP etc/NN/I-NP and/CC/O it/PRP/B-NP shows/VBZ/B-VP you/PRP/B-NP a/DT/B-NP highlighted/JJ/I-NP map/NN/I-NP with/IN/B-PP your/PRP$/B-NP selection/NN/I-NP ././O 
They/PRP/B-NP do/VBP/B-VP have/VB/I-VP a/DT/B-NP zip/NN/I-NP code/NN/I-NP search/NN/I-NP ,/,/O but/CC/O it/PRP/B-NP is/VBZ/B-VP not/RB/O radius/JJ/B-ADJP ,/,/O it/PRP/B-NP just/RB/B-ADVP shows/VBZ/B-VP you/PRP/B-NP regions/NNS/I-NP that/WDT/B-NP are/VBP/B-VP in/IN/B-PP or/CC/O close/JJ/B-ADJP to/TO/B-PP that/DT/B-NP zip/NN/I-NP code/NN/I-NP ././O 
How/WRB/B-ADVP does/VBZ/O this/DT/B-NP work/NN/I-NP ?/./O 
They/PRP/B-NP use/VBP/B-VP user/NN/B-NP registration/NN/I-NP data/NNS/I-NP ,/,/O passport/NN/B-NP accounts/NNS/I-NP ,/,/O previous/JJ/B-NP searches/NNS/I-NP ././O 
They/PRP/B-NP also/RB/B-ADVP use/VBP/B-VP geographic/JJ/B-NP queries/NNS/I-NP (/(/O searching/VBG/B-VP for/IN/B-PP chicago/JJ/B-NP hotel/NN/I-NP )/)/O ././O 
IP/NNP/B-NP targeting/VBG/B-VP ,/,/O the/DT/B-NP most/RBS/I-NP common/JJ/I-NP technology/NN/I-NP used/VBN/B-VP ,/,/O he/PRP/B-NP shows/VBZ/B-VP typically/RB/B-ADVP how/WRB/B-ADVP it/PRP/B-NP works/VBZ/B-VP (/(/O i.e./:/O the/DT/B-NP ISPs/NNPS/I-NP host/JJS/I-NP location/NN/I-NP ,/,/O so/IN/B-SBAR it/PRP/B-NP may/MD/B-VP not/RB/I-VP be/VB/I-VP 100/CD/B-NP %/NN/I-NP accurate/JJ/B-ADJP if/IN/B-SBAR a/DT/B-NP customer/NN/I-NP uses/VBZ/B-VP them/PRP/B-NP but/CC/O is/VBZ/B-VP not/RB/O in/IN/B-PP the/DT/B-NP same/JJ/I-NP location/NN/I-NP as/IN/B-PP the/DT/B-NP ISP/NNP/I-NP )/)/O ././O 
So/RB/O you/PRP/B-NP should/MD/B-VP create/VB/I-VP two/CD/B-NP campaigns/NNS/I-NP ,/,/O one/CD/B-NP for/IN/B-PP geographic/JJ/B-NP based/VBN/I-NP campaigns/NNS/I-NP and/CC/O two/CD/B-NP for/IN/B-PP country/NN/B-NP based/VBN/I-NP campaigns/NNS/I-NP -/:/O so/RB/O you/PRP/B-NP can/MD/B-VP control/VB/I-VP each/DT/B-NP one/CD/I-NP ././O 
TYpes/NNS/B-NP of/IN/B-PP geographic/JJ/B-NP keywords/NNS/I-NP ,/,/O state/NN/B-NP ,/,/O state/NN/B-NP abbreviations/NNS/I-NP ,/,/I-NP cities/NNS/I-NP ,/,/I-NP neighborhoods/NNS/I-NP ,/,/O zip/NN/B-NP codes/NNS/I-NP ,/,/O area/NN/B-NP codes/NNS/I-NP ,/,/O counties/NNS/B-NP ,/,/O airport/NN/B-NP codes/NNS/I-NP and/CC/O regional/JJ/B-NP lingo/NN/I-NP ././O 
Measuring/VBG/B-VP Geo/NNP/B-NP Campaigns/NNPS/I-NP :/:/O Measure/NN/B-NP statistics/NNS/I-NP and/CC/O create/VB/B-VP offers/NNS/B-NP at/IN/B-PP the/DT/B-NP smallest/JJS/I-NP ,/,/I-NP logical/JJ/I-NP ,/,/I-NP geographic/JJ/I-NP level/NN/I-NP possible/JJ/B-ADJP ././O 
Different/JJ/B-NP geographies/NNS/I-NP respond/VBP/B-VP to/TO/B-PP different/JJ/B-NP offers/NNS/I-NP ././O 
If/IN/B-SBAR targeting/VBG/B-VP internationally/RB/B-ADVP ,/,/O use/VB/B-VP one/CD/B-NP country/NN/I-NP per/IN/B-PP campaign/NN/B-NP ././O 
Kevin/NNP/B-NP Lee/NNP/I-NP from/IN/B-PP Did/NNP/B-NP It/PRP/B-NP is/VBZ/B-VP next/JJ/I-VP up/RP/B-PRT ,/,/O to/TO/B-VP give/VB/I-VP a/DT/B-NP match/NN/I-NP type/NN/I-NP review/NN/I-NP ././O 
Broad/JJ/B-NP match/NN/I-NP is/VBZ/B-VP the/DT/B-NP default/NN/I-NP in/IN/B-PP Google/NNP/B-NP and/CC/O adCenter/NN/B-NP ,/,/O so/RB/O understand/VB/B-VP that/DT/B-NP ././O 
Phrase/NNP/B-NP ``/``/I-NP quotes/NNS/I-NP ''/''/O in/IN/B-PP Google/NNP/B-NP ,/,/O Microsoft/NNP/B-NP lets/VBZ/B-VP you/PRP/B-NP check/VB/B-VP out/RP/B-PRT ././O 
Exact/NNP/B-NP is/VBZ/B-VP in/IN/B-PP brackets/NNS/B-NP in/IN/B-PP Google/NNP/B-NP ././O 
Make/VB/B-VP sure/JJ/B-ADJP to/TO/B-VP use/VB/I-VP negative/JJ/B-NP keywords/NNS/I-NP to/TO/B-VP refine/VB/I-VP your/PRP$/B-NP audience/NN/I-NP ././O 
Advanced/NNP/B-NP (/(/O Yahoo/NNP/B-NP 's/POS/B-NP combination/NN/I-NP of/IN/B-PP phrase/NN/B-NP and/CC/O broad/JJ/B-NP matches/NNS/I-NP )/)/O and/CC/O is/VBZ/B-VP Yahoo/NNP/B-NP 's/POS/B-NP default/NN/I-NP for/IN/B-PP Panama/NNP/B-NP ././O 
Extended/VBN/B-NP broad/JJ/I-NP match/NN/I-NP and/CC/I-NP matchdriver/NN/I-NP ././O 
Google/NNP/B-NP and/CC/I-NP Microsoft/NNP/I-NP prefer/VBP/B-VP that/IN/B-SBAR you/PRP/B-NP add/VBP/B-VP the/DT/B-NP plurals/NNS/I-NP to/TO/B-PP the/DT/B-NP campaign/NN/I-NP separately/RB/B-ADVP ././O 
Yahoo/NNP/B-NP uses/VBZ/B-VP MatchDriver/NNP/B-NP ././O 
But/CC/O Microsoft/NNP/B-NP is/VBZ/B-VP currently/RB/I-VP experimenting/VBG/I-VP with/IN/B-PP stemming/VBG/B-VP ././O 
Google/NNP/B-NP may/MD/B-VP use/VB/I-VP extended/JJ/B-NP broad/JJ/I-NP match/NN/I-NP on/IN/B-PP a/DT/B-NP plural/JJ/I-NP or/CC/I-NP other/JJ/I-NP stemming/VBG/I-NP issue/NN/I-NP ././O 
Kevin/NNP/B-NP always/RB/B-ADVP recommends/VBZ/B-VP doing/VBG/I-VP more/JJR/B-NP work/NN/I-NP and/CC/O create/VB/B-VP longer/JJR/B-NP ,/,/I-NP more/RBR/I-NP specific/JJ/I-NP keyword/NN/I-NP list/NN/I-NP ././O 
You/PRP/B-NP improve/VBP/B-VP relevance/NN/B-NP as/IN/B-SBAR you/PRP/B-NP get/VBP/B-VP better/JJR/B-ADJP at/IN/B-PP managing/VBG/B-VP your/PRP$/B-NP campaigns/NNS/I-NP ././O 
You/PRP/B-NP are/VBP/B-VP trying/VBG/I-VP to/TO/I-VP understand/VB/I-VP the/DT/B-NP searchers/NNS/I-NP intent/NN/I-NP ././O 
That/DT/B-NP may/MD/B-VP change/VB/I-VP how/WRB/B-ADVP you/PRP/B-NP structure/VBP/B-VP your/PRP$/B-NP campaigns/NNS/I-NP and/CC/O your/PRP$/B-NP landing/NN/I-NP pages/NNS/I-NP ././O 
Use/VB/B-VP your/PRP$/B-NP match/NN/I-NP type/NN/I-NP to/TO/B-VP maximize/VB/I-VP your/PRP$/B-NP quality/NN/I-NP score/NN/I-NP ././O 
Mix/NN/B-NP match/NN/I-NP types/NNS/I-NP to/TO/B-VP gain/VB/I-VP breadth/NN/B-NP of/IN/B-PP SERP/NNP/B-NP coverage/NN/I-NP ././O 
And/CC/O make/VB/B-VP sure/JJ/B-ADJP to/TO/B-VP track/VB/I-VP everything/NN/B-NP ././O 
Make/VB/B-VP sure/JJ/B-ADJP you/PRP/B-NP understand/VBP/B-VP that/IN/B-SBAR you/PRP/B-NP can/MD/B-VP also/RB/I-VP control/VB/I-VP the/DT/B-NP ``/``/I-NP network/NN/I-NP mix./NN/I-NP ''/''/O 
That/DT/B-NP is/VBZ/B-VP of/IN/B-PP contextual/JJ/B-NP options/NNS/I-NP and/CC/O extended/VBN/B-NP network/NN/I-NP (/(/O i.e/NN/B-NP ././O 
AOL/NNP/B-NP and/CC/O others/NNS/B-NP from/IN/B-PP Google/NNP/B-NP )/)/O ././O 
Clicks/NNS/B-NP from/IN/B-PP different/JJ/B-NP segments/NNS/I-NP of/IN/B-PP an/DT/B-NP engines/NNS/I-NP network/NN/I-NP may/MD/B-VP need/VB/I-VP different/JJ/B-NP bids/NNS/I-NP ././O 
Leverage/NNP/B-NP Google/NNP/I-NP 's/POS/B-NP FastTrack/NN/I-NP to/TO/B-VP track/VB/I-VP contextual/JJ/B-NP and/CC/I-NP bid/NN/I-NP separately/RB/B-ADVP ././O 
Yahoo/NNP/B-NP 's/POS/B-NP Panama/NNP/I-NP has/VBZ/B-VP URL/NNP/B-NP tracking/NN/I-NP ,/,/O that/WDT/B-NP gives/VBZ/B-VP you/PRP/B-NP more/JJR/B-NP detail/NN/I-NP on/IN/B-PP your/PRP$/B-NP clicks/NNS/I-NP ././O 
Your/PRP$/B-NP dealing/VBG/B-VP with/IN/B-PP more/JJR/B-NP than/IN/I-NP keyword/NN/I-NP lists/NNS/I-NP ,/,/O and/CC/O there/EX/B-NP lots/NNS/I-NP of/IN/B-PP ways/NNS/B-NP to/TO/B-PP segment/NN/B-NP ././O 
Segmentation/NN/B-NP includes/VBZ/B-VP ;/:/O plurals/NNS/B-NP ,/,/I-NP day/NN/I-NP par/NN/I-NP ,/,/O t/UH/B-INTJ ,/,/O network/NN/B-NP control/NN/I-NP and/CC/O demographic/JJ/B-NP control/NN/I-NP ././O 
He/PRP/B-NP then/RB/B-ADVP shows/VBZ/B-VP Microsoft/NNP/B-NP adCenter/NN/I-NP ,/,/O and/CC/O shows/VBZ/B-VP you/PRP/B-NP how/WRB/B-ADVP you/PRP/B-NP can/MD/B-VP bid/VB/I-VP boost/VB/I-VP against/IN/B-PP the/DT/B-NP refinements/NNS/I-NP you/PRP/B-NP make/VBP/B-VP ,/,/O those/DT/B-NP segments/NNS/I-NP ././O 
Yahoo/NNP/B-NP Panama/NNP/I-NP allows/VBZ/B-VP you/PRP/B-NP to/TO/B-VP select/VB/I-VP options/NNS/B-NP at/IN/B-PP the/DT/B-NP campaign/NN/I-NP level/NN/I-NP ././O 
Google/NNP/B-NP has/VBZ/B-VP bid/VBN/I-VP boosting/VBG/I-VP as/RB/B-ADVP well/RB/I-ADVP by/IN/B-PP day/NN/B-NP parting/VBG/B-VP ././O 
He/PRP/B-NP shows/VBZ/B-VP how/WRB/B-ADVP day/JJ/O parting/NN/B-NP can/MD/B-VP make/VB/I-VP a/DT/B-NP huge/JJ/I-NP difference/NN/I-NP in/IN/B-PP conversions/NNS/B-NP ././O 
Because/IN/B-PP of/IN/I-PP segmentation/NN/B-NP ,/,/O there/EX/B-NP are/VBP/B-VP hundreds/NNS/B-NP of/IN/B-PP ways/NNS/B-NP to/TO/B-VP mine/VB/I-VP the/DT/B-NP tail/NN/I-NP ././O 
Then/RB/O you/PRP/B-NP can/MD/B-VP bid/VB/I-VP higher/JJR/B-ADJP and/CC/O increase/VB/B-VP conversions/NNS/B-NP and/CC/O get/VB/B-VP more/JJR/B-NP orders/NNS/I-NP ././O 
He/PRP/B-NP reminds/VBZ/B-VP the/DT/B-NP audience/NN/I-NP about/IN/B-PP the/DT/B-NP SEMPO/NNP/I-NP survey/NN/I-NP taking/VBG/B-VP place/NN/B-NP now/RB/B-ADVP at/IN/B-PP SEMPO.org/NNP/B-NP ././O 
Mona/NNP/B-NP Elesseily/NNP/I-NP from/IN/B-PP Page/NNP/B-NP Zero/NNP/I-NP Media/NNP/I-NP is/VBZ/B-VP next/JJ/B-ADJP up/IN/B-PP to/TO/B-VP talk/VB/I-VP about/IN/B-PP search/NN/B-NP engine/NN/I-NP relationships/NNS/I-NP and/CC/I-NP agencies/NNS/I-NP ././O 
Google/NNP/B-NP 's/POS/B-NP editorial/JJ/I-NP process/NN/I-NP is/VBZ/B-VP that/IN/B-SBAR ads/NNS/B-NP go/VBP/B-VP up/RB/B-ADVP instantly/RB/B-ADVP ,/,/O which/WDT/B-NP is/VBZ/B-VP not/RB/O 10/CD/B-ADJP %/NN/I-ADJP true/JJ/B-ADJP ././O 
The/DT/B-NP automated/JJ/I-NP system/NN/I-NP speeds/VBZ/B-VP up/RP/B-PRT editorial/JJ/B-NP review/NN/I-NP ,/,/O it/PRP/B-NP blocks/VBZ/B-VP trademark/NN/B-NP terms/NNS/I-NP ,/,/O grammar/NN/B-NP issues/NNS/I-NP ,/,/O etc/FW/B-NP ././O 
Yahoo/NNP/B-NP 's/POS/B-NP editorial/JJ/I-NP process/NN/I-NP is/VBZ/B-VP mostly/RB/I-VP manually/RB/I-VP reviewed/VBN/I-VP ,/,/O it/PRP/B-NP depends/VBZ/B-VP on/IN/B-PP search/NN/B-NP volume/NN/I-NP and/CC/O search/NN/B-NP sensitivity/NN/I-NP such/JJ/B-PP as/IN/I-PP ``/``/O snow/NN/B-NP blowers/NNS/I-NP ''/''/O are/VBP/B-VP automatically/RB/I-VP reviewed/VBN/I-VP )/)/O ././O 
With/IN/B-PP Panama/NNP/B-NP ,/,/O Yahoo/NNP/B-NP 's/POS/B-NP review/NN/I-NP process/NN/I-NP changes/NNS/I-NP to/TO/B-PP Fast/NNP/B-NP Ad/NN/I-NP Activation/NN/I-NP ,/,/O they/PRP/B-NP go/VBP/B-VP up/RB/B-ADVP relatively/RB/B-ADVP quickly/RB/I-ADVP ,/,/O but/CC/O not/RB/B-NP all/DT/I-NP ads/NNS/I-NP go/VBP/B-VP up/RP/B-PRT within/IN/B-PP 5/CD/B-NP minutes/NNS/I-NP ././O 
Yahoo/NNP/B-NP places/VBZ/B-VP an/DT/B-NP emphasis/NN/I-NP on/IN/B-PP post/NN/B-NP submission/NN/I-NP reviews/NNS/I-NP ././O 
They/PRP/B-NP will/MD/B-VP continue/VB/I-VP to/TO/I-VP randomly/RB/I-VP sweep/VB/I-VP accounts/NNS/B-NP to/TO/B-VP catch/VB/I-VP editorial/JJ/B-NP infringements/NNS/I-NP ././O 
Manual/JJ/B-NP reviews/NNS/I-NP have/VBP/B-VP human/JJ/B-NP error/NN/I-NP ,/,/O so/RB/B-ADVP appeal/VB/B-VP them/PRP/B-NP ././O 
Microsoft/NNP/B-NP is/VBZ/B-VP sent/VBN/I-VP through/RP/B-PP automatic/JJ/B-NP filter/NN/I-NP ,/,/O anything/NN/B-NP that/WDT/B-NP fails/VBZ/B-VP ,/,/O they/PRP/B-NP go/VBP/B-VP through/IN/B-PP manual/JJ/B-NP review/NN/I-NP ././O 
It/PRP/B-NP can/MD/B-VP take/VB/I-VP ten/NN/B-NP days/NNS/I-NP to/TO/B-VP clear/VB/I-VP in/IN/B-PP MSN/NNP/B-NP ././O 
Google/NNP/B-NP Trademarked/NNP/I-NP Terms/NNPS/I-NP ,/,/O you/PRP/B-NP can/MD/B-VP bid/VB/I-VP on/IN/B-PP trademarked/VBN/B-NP keywords/NNS/I-NP but/CC/O not/RB/O use/VB/B-VP them/PRP/B-NP in/IN/B-PP the/DT/B-NP ad/NN/I-NP text/NN/I-NP in/IN/B-PP the/DT/B-NP US/NNP/I-NP ././O 
Some/DT/B-NP trademarked/JJ/I-NP terms/NNS/I-NP placed/VBD/B-VP on/IN/B-PP a/DT/B-NP block/NN/I-NP list/NN/I-NP ././O 
Trademarked/VBN/B-NP terms/NNS/I-NP are/VBP/B-VP considered/VBN/I-VP in/IN/B-PP quality/NN/B-NP score/NN/I-NP ././O 
There/EX/B-NP are/VBP/B-VP issues/NNS/B-NP and/CC/O weirdness/NN/B-NP with/IN/B-PP it/PRP/B-NP ,/,/O of/IN/B-PP course/NN/B-NP ././O 
Yahoo/UH/B-INTJ !/./O 
Search/NNP/B-NP Marketing/NNP/I-NP trademark/NN/I-NP Policy/NN/I-NP ;/:/O Yahoo/NNP/B-NP originally/RB/B-ADVP allowed/VBN/B-VP people/NNS/B-NP to/TO/B-VP bid/VB/I-VP on/IN/B-PP trademarked/VBN/B-NP terms/NNS/I-NP ,/,/O but/CC/O as/IN/B-PP of/IN/B-PP march/NN/B-NP 2006/CD/I-NP ,/,/O they/PRP/B-NP no/RB/B-VP longer/RB/I-VP allow/VB/I-VP it/PRP/B-NP ././O 
However/RB/B-ADVP ,/,/O resellers/NNS/B-NP and/CC/O info/JJ/B-NP sites/NNS/I-NP can/MD/B-VP bid/VB/I-VP on/IN/B-PP those/DT/B-NP terms/NNS/I-NP but/CC/O there/EX/B-NP are/VBP/B-VP explicit/JJ/B-NP conditions/NNS/I-NP ././O 
MSN/NNP/B-NP Trademark/NNP/I-NP Policy/NNP/I-NP ;/:/O they/PRP/B-NP do/VBP/B-VP n't/RB/I-VP allow/VB/I-VP ads/NNS/B-NP in/IN/B-PP keywords/NNS/B-NP or/CC/O ad/NN/B-NP copy/NN/I-NP that/WDT/B-NP are/VBP/B-VP TMs/NNP/B-NP ././O 
But/CC/O TM/NNP/B-NP holders/NNS/I-NP need/VBP/B-VP to/TO/I-VP file/VB/I-VP this/DT/B-NP with/IN/B-PP Microsoft/NNP/B-NP ././O 
There/EX/B-NP are/VBP/B-VP exceptions/NNS/B-NP like/IN/B-PP with/IN/B-PP the/DT/B-NP others/NNS/I-NP ././O 
She/PRP/B-NP brings/VBZ/B-VP up/RP/B-PRT the/DT/B-NP Rescuecom/NNP/I-NP vs./CC/B-PP Google/NNP/B-NP in/IN/B-PP September/NNP/B-NP 2006/CD/I-NP and/CC/O the/DT/B-NP buying/NN/I-NP for/IN/B-PP the/DT/B-NP home/NN/I-NP versus/NN/I-NP humble/JJ/I-NP adobe/NN/I-NP in/IN/B-PP October/NNP/B-NP 2006/CD/I-NP ././O 
She/PRP/B-NP then/RB/B-ADVP goes/VBZ/B-VP into/IN/B-PP explaining/VBG/B-VP how/WRB/B-ADVP MSN/NNP/B-NP 's/POS/B-NP ads/NNS/I-NP are/VBP/B-VP getting/VBG/I-VP more/RBR/B-ADJP relevant/JJ/I-ADJP ././O 
She/PRP/B-NP compares/VBZ/B-VP Google/NNP/B-NP in/IN/B-PP August/NNP/B-NP 06/CD/I-NP to/TO/B-PP now/RB/B-NP and/CC/O all/DT/B-NP is/VBZ/B-VP good/JJ/B-ADJP ././O 
Customer/NN/B-NP service/NN/I-NP ;/:/O the/DT/B-NP search/NN/I-NP engines/NNS/I-NP are/VBP/B-VP helpful/JJ/B-ADJP and/CC/O the/DT/B-NP help/NN/I-NP might/MD/B-VP be/VB/I-VP better/RBR/B-ADVP from/IN/B-PP specific/JJ/B-NP customer/NN/I-NP reps/NNS/I-NP ././O 
You/PRP/B-NP should/MD/B-VP try/VB/I-VP to/TO/I-VP find/VB/I-VP good/JJ/B-NP people/NNS/I-NP ././O 
And/CC/O there/EX/B-NP are/VBP/B-VP higher/JJR/B-NP service/NN/I-NP tiers/NNS/I-NP at/IN/B-PP the/DT/B-NP search/NN/I-NP engines/NNS/I-NP but/CC/O does/VBZ/B-VP that/DT/B-NP translate/VB/B-VP to/TO/I-VP better/VB/I-VP service/NN/B-NP ?/./O 
Yes/NNP/B-NP and/CC/I-LST No/SYM/B-NP -/:/O it/PRP/B-NP depends/VBZ/B-VP on/IN/B-PP the/DT/B-NP representative/NN/I-NP you/PRP/B-NP get/VBP/B-VP ././O 
Brad/NNP/B-NP Byrd/NNP/I-NP from/IN/B-PP NewGate/NNP/B-NP is/VBZ/B-VP last/JJ/I-VP up/RP/B-PRT who/WP/B-NP gives/VBZ/B-VP the/DT/B-NP company/NN/I-NP pitch/NN/I-NP first/RB/B-ADVP ,/,/O and/CC/O then/RB/O said/VBD/B-VP they/PRP/B-NP were/VBD/B-VP just/RB/I-VP acquired/VBN/I-VP by/IN/B-PP icrossing.com/NN/B-NP (/(/O congrats/NNS/B-NP !/./O )/)/O ././O 
Management/NNP/B-NP Interface/NNP/I-NP :/:/O He/PRP/B-NP shows/VBZ/B-VP off/RP/B-PRT the/DT/B-NP Google/NNP/I-NP AdWords/NNP/I-NP interface/NN/I-NP ././O 
He/PRP/B-NP then/RB/B-ADVP shows/VBZ/B-VP off/RP/B-PRT the/DT/B-NP new/JJ/I-NP Yahoo/NNP/I-NP Panama/NNP/I-NP interface/NN/I-NP ././O 
Most/JJS/B-NP of/IN/B-PP this/DT/B-NP was/VBD/B-VP shown/VBN/I-VP in/IN/B-PP previous/JJ/B-NP presentations/NNS/I-NP ././O 
Followed/VBN/B-VP by/IN/B-PP the/DT/B-NP MSN/NNP/I-NP interface/NN/I-NP ,/,/O he/PRP/B-NP said/VBD/B-VP they/PRP/B-NP took/VBD/B-VP dynamic/JJ/B-NP keyword/NN/I-NP insertion/NN/I-NP deeper/RBR/B-ADVP than/IN/B-PP other/JJ/B-NP ppc/JJ/I-NP engines/NNS/I-NP have/VBP/B-VP done/VBN/I-VP so/RB/B-ADVP far/RB/I-ADVP ././O 
Ad/NN/B-NP Delivery/NNP/I-NP Optimization/NNP/I-NP ;/:/O Google/NNP/B-NP auto/NN/I-NP optimizes/VBZ/B-VP creatives/NNS/B-NP delivery/NN/I-NP ,/,/O but/CC/O this/DT/B-NP is/VBZ/B-VP not/RB/O 100/CD/B-NP %/NN/I-NP ,/,/O since/IN/B-SBAR its/PRP$/B-NP automated/VBN/I-NP ././O 
Google/NNP/B-NP provides/VBZ/B-VP two/CD/B-NP options/NNS/I-NP ,/,/O (/(/O 1/CD/B-NP )/)/O optimize/VB/B-NP and/CC/I-NP (/(/I-NP 2/LS/B-LST )/)/O rotate/NN/B-NP ,/,/O and/CC/O rotate/VBP/B-VP evenly/RB/B-ADVP delivers/VBZ/B-VP each/DT/B-NP creative/JJ/I-NP evenly/RB/B-ADVP ,/,/O to/TO/B-PP each/DT/B-NP ad/NN/I-NP unit/NN/I-NP but/CC/O optimize/VB/B-VP will/MD/B-VP slant/VB/I-VP the/DT/B-NP delivery/NN/I-NP to/TO/B-PP the/DT/B-NP ad/NN/I-NP creative/NN/I-NP that/WDT/B-NP generates/VBZ/B-VP a/DT/B-NP higher/JJR/I-NP CTR/NNP/I-NP ././O 
Yahoo/NNP/B-NP also/RB/B-ADVP offers/VBZ/B-VP an/DT/B-NP ad/NN/I-NP delivery/NN/I-NP option/NN/I-NP ,/,/O in/IN/B-PP the/DT/B-NP ad/NN/I-NP group/NN/I-NP setting/NN/I-NP (/(/O which/WDT/B-NP differs/VBZ/B-VP from/IN/B-PP Google/NNP/B-NP )/)/O ././O 
Google/NNP/B-NP 's/POS/B-NP model/NN/I-NP focuses/VBZ/B-VP on/IN/B-PP click/NN/B-NP through/IN/B-PP rate/NN/B-NP in/IN/B-PP a/DT/B-NP campaign/NN/I-NP ,/,/O Yahoo/NNP/B-NP looks/VBZ/B-VP at/IN/B-PP each/DT/B-NP individual/JJ/I-NP ad/NN/I-NP group/NN/I-NP with/IN/B-PP each/DT/B-NP keyword/NN/I-NP and/CC/I-ADJP creative/JJ/I-ADJP ././O 
MSN/NNP/B-NP has/VBZ/B-VP no/DT/B-NP option/NN/I-NP to/TO/B-VP turn/VB/I-VP on/RP/B-PRT or/CC/O off/JJ/B-ADVP ad/NN/B-NP optimization/NN/I-NP ,/,/O so/RB/O one/CD/B-NP would/MD/B-VP assume/VB/I-VP the/DT/B-NP creatives/NNS/I-NP are/VBP/B-VP rotated/VBN/I-VP evenly/RB/B-ADVP ././O 
Brad/NNP/B-NP then/RB/B-ADVP gets/VBZ/B-VP into/IN/B-PP tracking/NN/B-NP tools/NNS/I-NP ././O 
Yahoo/NNP/B-NP was/VBD/B-VP the/DT/B-NP first/JJ/I-NP to/TO/B-VP introduce/VB/I-VP additional/JJ/B-NP URL/NNP/I-NP data/NNS/I-NP ././O 
There/EX/B-NP is/VBZ/B-VP a/DT/B-NP tracking/NN/I-NP URL/NNP/I-NP option/NN/I-NP in/IN/B-PP the/DT/B-NP admin/NN/I-NP console/NN/I-NP ,/,/O and/CC/O you/PRP/B-NP can/MD/B-VP term/VB/I-VP them/PRP/B-NP on/IN/B-PP or/CC/I-PP off/IN/I-PP ,/,/O campaign/NN/B-NP wide/NN/I-NP ././O 
They/PRP/B-NP will/MD/B-VP tell/VB/I-VP you/PRP/B-NP match/VBP/B-VP type/NN/B-NP ,/,/O keyword/NN/B-NP ,/,/O and/CC/O the/DT/B-NP search/NN/I-NP query/NN/I-NP ././O 
There/EX/B-NP is/VBZ/B-VP currently/RB/B-ADVP no/DT/B-NP way/NN/I-NP to/TO/B-VP identify/VB/I-VP which/WDT/B-NP creative/JJ/I-NP was/VBD/B-VP served/VBN/I-VP for/IN/B-PP that/DT/B-NP specific/JJ/I-NP click/NN/I-NP ././O 
Google/NNP/B-NP uses/VBZ/B-VP a/DT/B-NP FastTrack/NNP/I-NP or/CC/I-NP ValueTrack/NNP/I-NP ,/,/O it/PRP/B-NP is/VBZ/B-VP an/DT/B-NP advertiser/NN/I-NP intimated/VBD/B-VP tracking/VBG/I-VP URL/NNP/B-NP ,/,/O you/PRP/B-NP define/VB/B-VP your/PRP$/B-NP own/JJ/I-NP URL/NNP/I-NP and/CC/O you/PRP/B-NP can/MD/B-VP drop/VB/I-VP in/IN/B-PP your/PRP$/B-NP own/JJ/I-NP features/NNS/I-NP and/CC/I-NP values/NNS/I-NP to/TO/B-VP get/VB/I-VP data/NNS/B-NP from/IN/B-PP data/NNS/B-NP ././O 
You/PRP/B-NP can/MD/B-VP get/VB/I-VP search/JJ/B-NP versus/NN/I-NP content/NN/I-NP ,/,/O placement/NN/B-NP identifier/NN/I-NP and/CC/O creative/JJ/B-NP identifier/NN/I-NP can/MD/B-VP come/VB/I-VP from/IN/B-PP Google/NNP/B-NP ././O 
MSN/NNP/B-NP provides/VBZ/B-VP similar/JJ/B-NP features/NNS/I-NP ,/,/O matchtype/NN/B-NP ,/,/I-NP order/NN/I-NP item/NN/I-NP id/UH/B-INTJ ,/,/O ad/NN/B-NP id/UH/B-INTJ ,/,/O and/CC/O query/NN/B-NP string/NN/I-NP ././O 
Major/NNP/B-NP Innovations/NNP/I-NP in/IN/B-PP PPC/NNP/B-NP ad/NN/I-NP networks/NNS/I-NP ././O 
The/DT/B-NP Yahoo/NNP/I-NP Watch/NNP/I-NP List/NNP/I-NP ,/,/O a/DT/B-NP shortcut/NN/I-NP for/IN/B-PP tracking/VBG/B-VP keywords/NNS/B-NP or/CC/O ad/NN/B-NP groups/NNS/I-NP that/WDT/B-NP are/VBP/B-VP top/NN/B-NP of/IN/B-PP mind/NN/B-NP for/IN/B-PP you/PRP/B-NP ././O 
MSN/NNP/B-NP allows/VBZ/B-VP for/IN/B-PP creative/JJ/B-NP templates/NNS/I-NP ,/,/O which/WDT/B-NP provides/VBZ/B-VP additional/JJ/B-NP customization/NN/I-NP on/IN/B-PP a/DT/B-NP per/NN/I-NP keyword/NN/I-NP level/NN/I-NP while/IN/B-SBAR still/RB/B-ADVP working/VBG/B-VP in/IN/B-PP a/DT/B-NP template/NN/I-NP ././O 
These/DT/B-NP posts/NNS/I-NP may/MD/B-VP have/VB/I-VP spelling/NN/B-NP and/CC/I-NP grammar/NN/I-NP issues/NNS/I-NP ././O 
These/DT/B-NP are/VBP/B-VP session/NN/B-NP notes/NNS/I-NP ,/,/O written/VBN/B-VP quickly/RB/B-ADVP and/CC/O posted/VBD/B-VP immediately/RB/B-ADVP after/IN/B-SBAR the/DT/B-NP session/NN/I-NP has/VBZ/B-VP been/VBN/I-VP completed/VBN/I-VP ././O 
Please/NN/B-NP excuse/VB/B-VP any/DT/B-NP grammar/NN/I-NP or/CC/I-NP spelling/NN/I-NP issues/NNS/I-NP with/IN/B-PP session/NN/B-NP posts/NNS/I-NP ././O 
chicago/NN/B-NP ,/,/I-NP conference/NN/I-NP ,/,/I-NP searchenginestrategies/NNS/I-NP ,/,/I-NP ses/NNS/I-NP ,/,/I-NP seschicago06/CD/I-NP 
If/IN/B-SBAR someone/NN/B-NP can/MD/B-VP point/VB/I-VP me/PRP/B-NP to/TO/B-VP AdSense/VB/I-VP equivalent/NN/B-NP that/WDT/B-NP comes/VBZ/B-VP from/IN/B-PP a/DT/B-NP company/NN/I-NP other/JJ/B-ADJP than/IN/B-PP Google/NNP/B-NP and/CC/O will/MD/B-VP do/VB/I-VP the/DT/B-NP job/NN/I-NP for/IN/B-PP me/PRP/B-NP in/IN/B-PP London/NNP/B-NP ,/,/O UK/NNP/B-NP ,/,/O I/PRP/B-NP will/MD/B-VP link/VB/I-VP to/TO/B-PP his/PRP$/B-NP web/NN/I-NP site/NN/I-NP immediately/RB/B-ADVP from/IN/B-PP one/CD/B-NP of/IN/B-PP my/PRP$/B-NP blogs/NNS/I-NP ././O 
www.flexewebs.com/NN/B-NP www/NN/I-NP ././O 
flexewebs.com/NN/B-NP www.flexewebs/NNS/I-NP ././O 
com/NN/B-NP Posted/VBN/B-VP by/IN/B-PP :/:/O Jason/NNP/B-NP Grant/NNP/I-NP at/IN/B-PP December/NNP/B-NP 5/CD/I-NP ,/,/O 2006/CD/B-NP 8:25/CD/I-NP PM/NNP/I-NP Permalink/NNP/I-NP 
Try/VB/B-VP prepay/JJ/B-NP text/JJ/I-NP links./NN/I-NP from/IN/B-PP Text-Link-Ads.com/NNP/B-NP Not/RB/B-NP the/DT/I-NP same/JJ/I-NP but/CC/I-NP extremely/RB/I-NP good/JJ/I-NP program/NN/I-NP ././O 
Posted/VBN/B-VP by/IN/B-PP :/:/O No/DT/B-NP Name/NN/I-NP at/IN/B-PP December/NNP/B-NP 7/CD/I-NP ,/,/O 2006/CD/B-NP 11:26/CD/I-NP PM/NNP/I-NP Permalink/NNP/I-NP 
Listed/VBN/B-VP below/RB/B-ADVP are/VBP/B-VP links/NNS/B-NP to/TO/B-PP weblogs/NNS/B-NP that/IN/B-SBAR reference/NN/B-NP 'Compare/VBP/B-VP &/CC/B-NP Contrast/NNP/I-NP :/:/O Ad/NN/B-NP Program/NN/I-NP Strategies/NNS/I-NP (/(/O Google/NNP/B-NP ,/,/O Yahoo/NNP/B-NP ,/,/O Microsoft/NNP/B-NP )/)/O '/''/O from/IN/B-PP Search/NNP/B-NP Engine/NNP/I-NP Roundtable/NNP/I-NP ././O 
