Opinion/NN/B-NP :/:/O Microsoft/NNP/B-NP ,/,/O Sun/NNP/B-NP ,/,/O Oracle/NNP/B-NP ca/MD/B-VP n't/RB/I-VP sidestep/VB/I-VP Linux/NNP/B-NP ,/,/O open/JJ/B-NP source/NN/I-NP movement/NN/I-NP 
But/CC/O when/WRB/B-ADVP I/PRP/B-NP try/VBP/B-VP to/TO/I-VP delve/VB/I-VP into/IN/B-PP the/DT/B-NP details/NNS/I-NP ,/,/O I/PRP/B-NP see/VBP/B-VP just/RB/B-NP another/DT/I-NP incremental/JJ/I-NP move/NN/I-NP in/IN/B-PP the/DT/B-NP competitive/JJ/I-NP world/NN/I-NP of/IN/B-PP commercial/JJ/B-NP software/NN/I-NP ,/,/O with/IN/B-PP an/DT/B-NP extra/JJ/I-NP dimension/NN/I-NP added/VBN/B-VP by/IN/B-PP the/DT/B-NP nature/NN/I-NP of/IN/B-PP open/JJ/B-NP source/NN/I-NP ././O 
Behind/IN/B-PP the/DT/B-NP headlines/NNS/I-NP ,/,/O I/PRP/B-NP see/VBP/B-VP a/DT/B-NP lack/NN/I-NP of/IN/B-PP understanding/NN/B-NP of/IN/B-PP open/JJ/B-NP source/NN/I-NP ././O 
I/PRP/B-NP see/VBP/B-VP proprietary/JJ/B-NP vendors/NNS/I-NP scrambling/VBG/B-VP to/TO/B-VP contain/VB/I-VP and/CC/O co-opt/JJ/B-NP open/JJ/I-NP source/NN/I-NP ,/,/O even/RB/B-SBAR as/IN/I-SBAR it/PRP/B-NP disrupts/VBZ/B-VP and/CC/I-VP erodes/VBZ/I-VP their/PRP$/B-NP businesses/NNS/I-NP ././O 
Let/VB/B-VP 's/POS/B-NP look/VB/B-VP at/IN/B-PP how/WRB/B-ADVP this/DT/B-NP has/VBZ/B-VP played/VBN/I-VP out/RP/B-PRT ././O 
Check/VB/B-VP out/RP/B-PRT Don/NNP/B-NP Rosenberg/NNP/I-NP 's/POS/B-NP responses/NNS/I-NP to/TO/B-VP reader/VB/I-VP comments/NNS/B-NP on/IN/B-PP this/DT/B-NP column/NN/I-NP 
Sun/NNP/B-NP ``/``/B-VP embraced/VBD/I-VP ''/''/O Linux/NNP/B-NP earlier/RBR/B-ADVP than/IN/B-PP Microsoft/NNP/B-NP ,/,/O because/IN/B-SBAR Sun/NNP/B-NP was/VBD/B-VP in/IN/B-PP a/DT/B-NP weaker/JJR/I-NP position/NN/I-NP ././O 
Customers/NNS/B-NP were/VBD/B-VP discovering/VBG/I-VP that/IN/B-SBAR they/PRP/B-NP could/MD/B-VP get/VB/I-VP SPARC/Solaris-like/JJ/B-NP results/NNS/I-NP from/IN/B-PP running/VBG/B-VP Linux/NNP/B-NP on/IN/B-PP cheap/JJ/B-NP hardware/NN/I-NP ././O 
One/CD/B-NP pressure/NN/I-NP on/IN/B-PP Sun/NNP/B-NP was/VBD/B-VP customers/NNS/B-NP who/WP/B-NP told/VBD/B-VP Sun/NNP/B-NP that/IN/B-SBAR they/PRP/B-NP preferred/VBD/B-VP to/TO/I-VP run/VB/I-VP Solaris/NNP/B-NP for/IN/B-PP the/DT/B-NP mission-critical/JJ/I-NP cases/NNS/I-NP ,/,/O but/CC/O that/IN/B-SBAR they/PRP/B-NP had/VBD/B-VP plenty/NN/B-NP of/IN/B-PP things/NNS/B-NP they/PRP/B-NP could/MD/B-VP do/VB/I-VP with/IN/B-PP Linux/NNP/B-NP ././O 
So/RB/B-ADVP ,/,/O they/PRP/B-NP asked/VBD/B-VP Sun/NNP/B-NP to/TO/B-VP please/VB/I-VP help/VB/I-VP them/PRP/B-NP be/VB/B-VP a/DT/B-NP single-vendor/JJ/I-NP shop/NN/I-NP by/IN/B-PP supporting/VBG/B-VP their/PRP$/B-NP efforts/NNS/I-NP ././O 
The/DT/B-NP other/JJ/I-NP pressure/NN/I-NP was/VBD/B-VP seeing/VBG/I-VP smaller/JJR/B-NP customers/NNS/I-NP simply/RB/B-ADVP desert/NN/B-NP ././O 
Sun/NNP/B-NP 's/POS/B-NP response/NN/I-NP is/VBZ/B-VP essentially/RB/B-ADVP a/DT/B-NP commodity/NN/I-NP strategy/NN/I-NP :/:/O ``/``/O We/PRP/B-NP 'll/MD/B-VP sell/VB/I-VP you/PRP/B-NP the/DT/B-NP hardware/NN/I-NP (/(/O Intel/NNP/B-NP or/CC/I-NP SPARC/NNP/I-NP )/)/O and/CC/O the/DT/B-NP OS/NNP/I-NP (/(/O Linux/NNP/B-NP or/CC/I-NP Solaris/NNP/I-NP )/)/O and/CC/O a/DT/B-NP nice/JJ/I-NP interface/NN/I-NP and/CC/I-NP office/NN/I-NP suite/NN/I-NP to/TO/B-VP go/VB/I-VP on/IN/B-PP top./NN/B-NP ''/''/O 
Microsoft/NNP/B-NP has/VBZ/B-VP been/VBN/I-VP feeling/VBG/I-VP the/DT/B-NP same/JJ/I-NP sort/NN/I-NP of/IN/B-PP pressures/NNS/B-NP from/IN/B-PP customers/NNS/B-NP in/IN/B-PP the/DT/B-NP U.S./NNP/I-NP The/DT/B-NP situation/NN/I-NP abroad/RB/B-ADVP is/VBZ/B-VP more/RBR/B-ADJP serious/JJ/I-ADJP ././O 
Microsoft/NNP/B-NP has/VBZ/B-VP been/VBN/I-VP cost-prohibitive/JJ/B-ADJP there/EX/B-NP for/IN/B-PP years/NNS/B-NP ;/:/O the/DT/B-NP World/NNP/I-NP Bank/NNP/I-NP sponsored/VBD/B-VP a/DT/B-NP conference/NN/I-NP on/IN/B-PP open/JJ/B-NP source/NN/I-NP a/DT/B-NP few/JJ/I-NP years/NNS/I-NP back/RB/B-ADVP to/TO/B-VP address/VB/I-VP the/DT/B-NP problem/NN/I-NP of/IN/B-PP how/WRB/B-ADVP the/DT/B-NP less/RBR/I-NP prosperous/JJ/I-NP nations/NNS/I-NP of/IN/B-PP the/DT/B-NP world/NN/I-NP could/MD/B-VP get/VB/I-VP into/IN/B-PP computing/NN/B-NP ,/,/O since/IN/B-SBAR they/PRP/B-NP could/MD/B-VP n't/RB/I-VP afford/VB/I-VP Microsoft/NNP/B-NP ././O 
Considering/VBG/B-VP how/WRB/B-ADVP high/JJ/B-NP open/JJ/I-NP source/NN/I-NP is/VBZ/B-VP riding/VBG/I-VP in/IN/B-PP prosperous/JJ/B-NP foreign/JJ/I-NP nations/NNS/I-NP as/RB/B-ADVP well/RB/I-ADVP ,/,/O Microsoft/NNP/B-NP has/VBZ/B-VP needed/VBN/I-VP a/DT/B-NP strategy/NN/I-NP to/TO/B-VP do/VB/I-VP well/RB/B-ADVP in/IN/B-PP that/DT/B-NP market/NN/I-NP ././O 
Microsoft/NNP/B-NP has/VBZ/B-VP been/VBN/I-VP responding/VBG/I-VP to/TO/B-PP these/DT/B-NP pressures/NNS/I-NP gradually/RB/B-ADVP ././O 
It/PRP/B-NP 's/VBZ/B-VP been/VBN/I-VP about/RB/B-NP five/CD/I-NP years/NNS/I-NP since/IN/B-SBAR I/PRP/B-NP saw/VBD/B-VP a/DT/B-NP little/JJ/I-NP Microsoft/NNP/I-NP booth/NN/I-NP in/IN/B-PP the/DT/B-NP back/NN/I-NP of/IN/B-PP LinuxWorld/NNP/B-NP Expo/NNP/I-NP ././O 
There/EX/B-NP ,/,/O Redmond/NNP/B-NP offered/VBD/B-VP an/DT/B-NP IT/NNP/I-NP management/NN/I-NP tool/NN/I-NP that/WDT/B-NP would/MD/B-VP let/VB/I-VP systems/NNS/B-NP administrators/NNS/B-NP administer/VBP/B-VP their/PRP$/B-NP Linux/NNP/I-NP and/CC/O Windows/VBZ/B-VP boxes/NNS/B-NP from/IN/B-PP a/DT/B-NP user-friendly/JJ/I-NP Windows-like/JJ/I-NP interface/NN/I-NP ././O 
That/DT/B-NP was/VBD/B-VP the/DT/B-NP first/JJ/I-NP step/NN/I-NP ././O 
Since/IN/B-PP then/RB/B-NP ,/,/O Microsoft/NNP/B-NP has/VBZ/B-VP been/VBN/I-VP sponsoring/VBG/I-VP open/JJ/B-NP source/NN/I-NP projects/NNS/I-NP of/IN/B-PP one/CD/B-NP sort/NN/I-NP or/CC/O another/DT/B-NP for/IN/B-PP years/NNS/B-NP now/RB/B-ADVP ././O 
This/DT/B-NP year/NN/I-NP ,/,/O Microsoft/NNP/B-NP partnered/VBD/B-VP with/IN/B-PP commercial/JJ/B-NP open/JJ/I-NP source/NN/I-NP software/NN/I-NP vendors/NNS/I-NP SugarCRM/NNP/I-NP and/CC/I-NP XenSource/NNP/I-NP ././O 
The/DT/B-NP Microsoft-Novell/NNP/I-NP partnership/NN/I-NP is/VBZ/B-VP a/DT/B-NP big/JJ/I-NP step/NN/I-NP ,/,/O but/CC/O it/PRP/B-NP is/VBZ/B-VP an/DT/B-NP evolutionary/JJ/I-NP ,/,/I-NP not/RB/I-NP revolutionary/JJ/I-NP victory/NN/I-NP for/IN/B-PP Linux/NNP/B-NP ././O 
Alarmists/NNS/B-NP may/MD/B-VP disagree/VB/I-VP ,/,/O but/CC/O I/PRP/B-NP do/VBP/B-VP n't/RB/I-VP think/VB/I-VP it/PRP/B-NP 's/VBZ/B-VP the/DT/B-NP beginning/NN/I-NP of/IN/B-PP the/DT/B-NP end/NN/I-NP for/IN/B-PP Linux/NNP/B-NP ,/,/O either/RB/B-ADVP ././O 
Penguins/NNS/B-NP will/MD/B-VP neither/CC/I-VP sit/VB/I-VP in/IN/B-PP the/DT/B-NP Aerons/NNP/I-NP of/IN/B-PP Redmond/NNP/B-NP drinking/NN/I-NP champagne/NN/I-NP from/IN/B-PP project/NN/B-NP managers/NNS/I-NP '/POS/B-NP skulls/NNS/I-NP ,/,/O nor/CC/O be/VB/B-VP dragged/VBN/I-VP in/IN/B-PP chains/NNS/B-NP to/TO/B-PP the/DT/B-NP shores/NNS/I-NP of/IN/B-PP Lake/NNP/B-NP Washington/NNP/I-NP ././O 
This/DT/B-NP is/VBZ/B-VP simply/RB/B-ADVP Microsoft/NNP/B-NP 's/POS/B-NP move/NN/I-NP to/TO/B-VP accommodate/VB/I-VP the/DT/B-NP changing/VBG/I-NP market/NN/I-NP ././O 
Oracle/NNP/B-NP has/VBZ/B-VP already/RB/I-VP made/VBN/I-VP a/DT/B-NP similar/JJ/I-NP move/NN/I-NP ././O 
At/IN/B-PP first/JJ/B-ADJP ,/,/O Linux/NNP/B-NP and/CC/O MySQL/NNP/B-NP (/(/O and/CC/O others/NNS/B-NP )/)/O were/VBD/B-VP eroding/VBG/I-VP the/DT/B-NP pricey/JJ/I-NP Oracle/NNP/I-NP products/NNS/I-NP ././O 
So/RB/O Oracle/NNP/B-NP began/VBD/B-VP to/TO/I-VP run/VB/I-VP on/IN/B-PP Linux/NNP/B-NP ,/,/O and/CC/O then/RB/B-ADVP to/TO/B-VP cut/VB/I-VP prices/NNS/B-NP ././O 
Microsoft/NNP/B-NP ,/,/O after/IN/B-PP all/DT/B-NP ,/,/O is/VBZ/B-VP in/IN/B-PP the/DT/B-NP same/JJ/I-NP position/NN/I-NP as/IN/B-PP Oracle/NNP/B-NP ,/,/O as/IN/B-SBAR it/PRP/B-NP also/RB/B-ADVP supports/VBZ/B-VP an/DT/B-NP enormous/JJ/I-NP sales/service/NN/I-NP organization/NN/I-NP that/WDT/B-NP could/MD/B-VP add/VB/I-VP another/DT/B-NP product/NN/I-NP to/TO/B-PP its/PRP$/B-NP wares/NNS/I-NP ././O 
The/DT/B-NP downward/JJ/I-NP pressure/NN/I-NP ,/,/O the/DT/B-NP pressure/NN/I-NP toward/IN/B-PP commoditization/NN/B-NP ,/,/O does/VBZ/B-VP not/RB/I-VP go/VB/I-VP away/RB/B-ADVP ././O 
If/IN/B-SBAR you/PRP/B-NP have/VBP/B-VP an/DT/B-NP enormous/JJ/I-NP service/NN/I-NP organization/NN/I-NP ,/,/O and/CC/O there/EX/B-NP is/VBZ/B-VP less/JJR/B-NP work/NN/I-NP for/IN/B-SBAR it/PRP/B-NP to/TO/B-VP do/VB/I-VP on/IN/B-PP the/DT/B-NP home/NN/I-NP product/NN/I-NP ,/,/O it/PRP/B-NP makes/VBZ/B-VP sense/NN/B-NP to/TO/B-VP use/VB/I-VP it/PRP/B-NP to/TO/B-VP support/VB/I-VP other/JJ/B-NP products/NNS/I-NP ././O 
If/IN/B-SBAR there/EX/B-NP were/VBD/B-VP a/DT/B-NP perfect/JJ/I-NP reciprocity/NN/I-NP between/IN/B-PP the/DT/B-NP decline/NN/I-NP of/IN/B-PP Oracle/NNP/B-NP 's/POS/B-NP products/NNS/I-NP and/CC/O the/DT/B-NP rise/NN/I-NP of/IN/B-PP Red/NNP/B-NP Hat's/NNP/I-NP ,/,/O this/DT/B-NP would/MD/B-VP be/VB/I-VP a/DT/B-NP smooth/JJ/I-NP move/NN/I-NP ././O 
But/CC/O it/PRP/B-NP 's/VBZ/B-VP really/RB/B-ADVP the/DT/B-NP beginning/NN/I-NP of/IN/B-PP a/DT/B-NP bumpy/JJ/I-NP ride/NN/I-NP ././O 
Sun's/NNP/B-NP ,/,/O Oracle/NNP/B-NP 's/POS/B-NP and/CC/O Microsoft/NNP/B-NP 's/POS/B-NP businesses/NNS/I-NP must/MD/B-VP change/VB/I-VP because/IN/B-PP of/IN/I-PP open/JJ/B-NP source/NN/I-NP --/:/O and/CC/O not/RB/O in/IN/B-PP a/DT/B-NP piecemeal/NN/I-NP fashion/NN/I-NP ././O 
Red/NNP/B-NP Hat/NNP/I-NP is/VBZ/B-VP a/DT/B-NP tough/JJ/I-NP competitor/NN/I-NP ././O 
It/PRP/B-NP has/VBZ/B-VP a/DT/B-NP strong/JJ/I-NP brand/NN/I-NP in/IN/B-PP a/DT/B-NP commodity/NN/I-NP market/NN/I-NP ,/,/O and/CC/O the/DT/B-NP company/NN/I-NP differentiates/VBZ/B-VP through/IN/B-PP service/NN/B-NP ,/,/O through/IN/B-PP proprietary/JJ/B-NP material/NN/I-NP and/CC/B-PP through/IN/B-PP branding/VBG/B-VP ././O 
Competitors/NNS/B-NP must/MD/B-VP beat/VB/I-VP Red/NNP/B-NP Hat/NNP/I-NP there/EX/B-NP or/CC/O in/IN/B-PP pricing/NN/B-NP ,/,/O or/CC/O devise/VB/B-VP a/DT/B-NP new/JJ/I-NP battlefield/NN/I-NP ././O 
There/EX/B-NP are/VBP/B-VP some/DT/B-NP foolish/JJ/I-NP outcries/NNS/I-NP that/IN/B-SBAR Oracle/NNP/B-NP 's/POS/B-NP offering/NN/I-NP of/IN/B-PP support/NN/B-NP for/IN/B-PP Red/NNP/B-NP Hat/NNP/I-NP products/NNS/I-NP is/VBZ/B-VP somehow/RB/B-ADVP a/DT/B-NP betrayal/NN/I-NP of/IN/B-PP open/JJ/B-NP source/NN/I-NP ././O 
On/IN/B-PP the/DT/B-NP contrary/NN/I-NP ,/,/O that/WDT/B-NP is/VBZ/B-VP exactly/RB/B-NP what/WP/I-NP open/JJ/I-NP source/NN/I-NP is/VBZ/B-VP about/RB/B-ADVP :/:/O no/DT/B-NP vendor/NN/I-NP lock-in/NN/I-NP ././O 
IBM/NNP/B-NP managed/VBD/B-VP to/TO/I-VP transform/VB/I-VP its/PRP$/B-NP business/NN/I-NP with/IN/B-PP the/DT/B-NP use/NN/I-NP of/IN/B-PP Linux/NNP/B-NP ././O 
Furthermore/RB/B-ADVP ,/,/O the/DT/B-NP idea/NN/I-NP that/IN/B-NP Oracle/NNP/B-NP will/MD/B-VP fork/VB/I-VP the/DT/B-NP Red/NNP/I-NP Hat/NNP/I-NP product/NN/I-NP is/VBZ/B-VP also/RB/B-ADVP absurd/JJ/B-ADJP :/:/O Red/NNP/B-NP Hat/NNP/I-NP can/MD/B-VP simply/RB/I-VP pull/VB/I-VP back/RB/B-ADVP into/IN/B-PP its/PRP$/B-NP own/JJ/I-NP product/NN/I-NP any/DT/B-NP code/NN/I-NP that/IN/B-SBAR Oracle/NNP/B-NP changes/NNS/I-NP ././O 
If/IN/B-SBAR Oracle/NNP/B-NP forks/VBZ/B-VP Linux/NNP/B-NP --/:/O and/CC/O remember/VB/B-VP ,/,/O essentially/RB/B-NP all/DT/I-NP distros/NNS/I-NP fork/VBP/B-VP Linux/NNP/B-NP in/IN/B-PP some/DT/B-NP manner/NN/I-NP --/:/O then/RB/B-ADVP it/PRP/B-NP wo/MD/B-VP n't/RB/I-VP be/VB/I-VP Red/NNP/B-NP Hat/NNP/I-NP Linux/NNP/I-NP anymore/RB/B-ADVP ././O 
The/DT/B-NP subtleties/NNS/I-NP of/IN/B-PP open/JJ/B-NP source/NN/I-NP come/VBN/B-VP into/IN/B-PP play/NN/B-NP here/RB/B-ADVP ././O 
For/IN/B-PP a/DT/B-NP number/NN/I-NP of/IN/B-PP reasons/NNS/B-NP ,/,/O Oracle/NNP/B-NP ca/MD/B-VP n't/RB/I-VP suddenly/RB/I-VP fork/VB/I-VP Red/NNP/B-NP Hat/NNP/I-NP Enterprise/NNP/I-NP Linux/NNP/I-NP (/(/O RHEL/NNP/B-NP )/)/O and/CC/O absorb/VB/B-VP all/PDT/B-NP the/DT/I-NP customers/NNS/I-NP ././O 
For/IN/B-PP one/CD/B-NP thing/NN/I-NP ,/,/O Oracle/NNP/B-NP ca/MD/B-VP n't/RB/I-VP break/VB/I-VP the/DT/B-NP terms/NNS/I-NP of/IN/B-PP the/DT/B-NP GNU/NNP/I-NP General/NNP/I-NP Public/NNP/I-NP License/NNP/I-NP 2.0/CD/I-NP referred/VBD/B-VP to/TO/I-VP above/VB/I-VP ././O 
For/IN/B-PP another/DT/B-NP ,/,/O there/EX/B-NP is/VBZ/B-VP proprietary/JJ/B-NP material/NN/I-NP in/IN/B-PP RHEL/NNP/B-NP ././O 
Red/NNP/B-NP Hat/NNP/I-NP is/VBZ/B-VP apologetic/JJ/B-ADJP about/IN/B-PP it/PRP/B-NP ,/,/O citing/VBG/B-VP security/NN/B-NP responsibilities/NNS/I-NP --/:/O but/CC/O there/RB/B-ADVP they/PRP/B-NP are/VBP/B-VP inside/IN/B-PP RHEL/NNP/B-NP ,/,/O binary/JJ/B-NP modules/NNS/I-NP with/IN/B-PP no/DT/B-NP source/NN/I-NP code/NN/I-NP and/CC/O maybe/RB/B-ADVP even/RB/B-ADVP under/IN/B-PP patent/NN/B-NP ././O 
Take/VB/B-VP RHEL/NNP/B-NP ,/,/O strip/VB/B-VP out/RP/B-PRT the/DT/B-NP trademarks/NNS/I-NP (/(/O protected/VBN/B-VP )/)/O ,/,/O the/DT/B-NP proprietary/JJ/I-NP code/NN/I-NP (/(/O protected/VBN/B-ADJP )/)/O and/CC/O you/PRP/B-NP do/VBP/B-VP n't/RB/I-VP have/VB/I-VP RHEL/NNP/B-NP ././O 
Apparently/RB/B-ADVP ,/,/O Oracle/NNP/B-NP is/VBZ/B-VP offering/VBG/I-VP to/TO/I-VP support/VB/I-VP older/JJR/B-NP ,/,/I-NP non-updated/JJ/I-NP RHEL/NNP/I-NP for/IN/B-PP which/WDT/B-NP there/EX/B-NP is/VBZ/B-VP no/DT/B-NP current/JJ/I-NP support/NN/I-NP available/JJ/B-ADJP from/IN/B-PP Red/NNP/B-NP Hat/NNP/I-NP ././O 
New/JJ/B-NP installations/NNS/I-NP will/MD/B-VP receive/VB/I-VP an/DT/B-NP operating/NN/I-NP system/NN/I-NP that/WDT/B-NP is/VBZ/B-VP supposedly/RB/B-ADVP RHEL/NNP/B-NP ,/,/O minus/CC/B-PP the/DT/B-NP parts/NNS/I-NP that/WDT/B-NP are/VBP/B-VP not/RB/O open/JJ/B-ADJP source/NN/B-NP ././O 
So/RB/B-ADVP ,/,/O it/PRP/B-NP 's/VBZ/B-VP not/RB/O Red/JJ/B-NP Hat/NN/I-NP anymore/RB/B-ADVP ././O 
One/CD/B-NP Oracle/NNP/I-NP tactic/NN/I-NP for/IN/B-PP converting/VBG/B-VP a/DT/B-NP Red/NNP/I-NP Hat/NNP/I-NP customer/NN/I-NP is/VBZ/B-VP to/TO/I-VP have/VB/I-VP him/PRP/B-NP change/VB/B-VP the/DT/B-NP URL/NNP/I-NP to/TO/B-PP which/WDT/B-NP his/PRP$/B-NP system/NN/I-NP goes/VBZ/B-VP to/TO/B-PP for/IN/B-PP updates/NNS/B-NP ././O 
Oracle/NNP/B-NP updates/VBZ/B-VP are/VBP/B-VP on/IN/B-PP the/DT/B-NP other/JJ/I-NP end/NN/I-NP ././O 
Red/NNP/B-NP Hat/NNP/I-NP wo/MD/B-VP n't/RB/I-VP sell/VB/I-VP RHEL/NN/B-NP without/IN/B-PP a/DT/B-NP support/NN/I-NP contract/NN/I-NP ,/,/O so/IN/B-SBAR Oracle/NNP/B-NP is/VBZ/B-VP not/RB/I-VP really/RB/I-VP supporting/VBG/I-VP RHEL/NNP/B-NP ././O 
Oracle/NNP/B-NP is/VBZ/B-VP simply/RB/I-VP poaching/VBG/I-VP customers/NNS/B-NP ././O 
This/DT/B-NP is/VBZ/B-VP no/DT/B-NP different/JJ/I-NP from/IN/B-PP Oracle/NNP/B-NP 's/POS/B-NP ads/NNS/I-NP aimed/VBN/B-VP at/IN/B-PP Ingres/NNP/B-NP customers/NNS/I-NP when/WRB/B-ADVP that/DT/B-NP company/NN/I-NP went/VBD/B-VP down/RB/B-ADVP ././O 
The/DT/B-NP other/JJ/I-NP subtlety/NN/I-NP is/VBZ/B-VP patents/NNS/B-NP ././O 
Any/DT/B-NP rights/NNS/I-NP to/TO/B-VP practice/VB/I-VP the/DT/B-NP patents/NNS/I-NP as/IN/B-SBAR used/VBN/B-VP in/IN/B-PP GPL-based/JJ/B-NP software/NN/I-NP are/VBP/B-VP automatically/RB/I-VP conveyed/VBN/I-VP with/IN/B-PP that/DT/B-NP software/NN/I-NP ././O 
(/(/O Lamentably/RB/B-ADVP ,/,/O GPL/NNP/B-NP 2.0/CD/I-NP is/VBZ/B-VP not/RB/O very/RB/B-ADJP clear/JJ/I-ADJP about/IN/B-PP this/DT/B-NP ././O )/)/O 
Yesterday/NN/B-NP ,/,/O Microsoft/NNP/B-NP said/VBD/B-VP it/PRP/B-NP would/MD/B-VP refrain/VB/I-VP from/IN/B-PP suits/NNS/B-NP against/IN/B-PP Linux/NNP/B-NP ././O 
In/IN/B-PP my/PRP$/B-NP opinion/NN/I-NP ,/,/O if/IN/B-SBAR Microsoft/NNP/B-NP really/RB/B-ADVP had/VBD/B-VP any/DT/B-NP grounds/NNS/I-NP for/IN/B-PP alleging/VBG/B-VP patent/NN/B-NP infringement/NN/I-NP ,/,/O they/PRP/B-NP would/MD/B-VP have/VB/I-VP made/VBN/I-VP this/DT/B-NP move/NN/I-NP long/RB/B-ADVP ago/RB/I-ADVP ././O 
Possibly/RB/B-VP looking/VBG/I-VP at/IN/B-PP SCO/NNP/B-NP and/CC/O its/PRP$/B-NP anti-Linux/JJ/I-NP lawsuit/NN/I-NP problems/NNS/I-NP discouraged/VBD/B-VP them/PRP/B-NP from/IN/B-PP playing/VBG/B-VP this/DT/B-NP card/NN/I-NP ././O 
The/DT/B-NP Linux/NNP/I-NP community/NN/I-NP 's/POS/B-NP reaction/NN/I-NP to/TO/B-PP SCO/NNP/B-NP was/VBD/B-VP successful/JJ/B-ADJP ././O 
The/DT/B-NP Linux/NNP/I-NP reaction/NN/I-NP to/TO/B-PP charges/NNS/B-NP of/IN/B-PP patent/NN/B-NP infringement/NN/I-NP is/VBZ/B-VP to/TO/B-VP drop/VB/I-VP the/DT/B-NP offending/NN/I-NP code/NN/I-NP ,/,/O or/CC/O to/TO/B-VP bring/VB/I-VP in/RP/B-PRT a/DT/B-NP stake-holder/NN/I-NP to/TO/B-VP bring/VB/I-VP a/DT/B-NP counter-action/NN/I-NP ././O 
IBM/NNP/B-NP would/MD/B-VP do/VB/I-VP nicely/RB/B-ADVP ././O 
And/CC/O here/RB/B-ADVP the/DT/B-NP patent/NN/I-NP water/NN/I-NP gets/VBZ/B-VP deeper/JJR/B-ADJP ././O 
Novell/NNP/B-NP is/VBZ/B-VP said/VBN/I-VP to/TO/I-VP be/VB/I-VP paying/VBG/I-VP a/DT/B-NP ``/``/I-NP running/VBG/I-NP royalty/NN/I-NP ''/''/O to/TO/B-PP Microsoft/NNP/B-NP for/IN/B-PP patents/NNS/B-NP in/IN/B-PP SUSE/NNP/B-NP ,/,/O implying/VBG/B-VP that/IN/B-SBAR non-paying/JJ/B-NP distros/NNS/I-NP are/VBP/B-VP infringing/VBG/I-VP Microsoft/NNP/B-NP patents/NNS/I-NP ././O 
But/CC/O Microsoft/NNP/B-NP is/VBZ/B-VP not/RB/I-VP suing/VBG/I-VP any/DT/B-NP of/IN/B-PP them/PRP/B-NP ././O 
Is/VBZ/O this/DT/B-NP supposed/VBN/B-VP to/TO/I-VP be/VB/I-VP the/DT/B-NP Death/NNP/I-NP Star/NNP/I-NP parked/VBD/B-VP outside/IN/B-ADVP threateningly/RB/I-ADVP ?/./O 
Is/VBZ/O this/DT/B-NP like/IN/B-PP a/DT/B-NP submarine/JJ/I-NP patent/NN/I-NP that/WDT/B-NP does/VBZ/B-VP not/RB/I-VP strike/VB/I-VP suddenly/RB/B-ADVP from/IN/B-PP the/DT/B-NP depths/NNS/I-NP ,/,/O but/CC/O instead/RB/B-VP lies/VBZ/I-VP there/EX/B-NP with/IN/B-PP its/PRP$/B-NP periscope/NN/I-NP showing/NN/I-NP ?/./O 
Would/MD/O a/DT/B-NP suit/NN/I-NP by/IN/B-PP such/PDT/B-NP a/DT/I-NP patent-holder/NN/I-NP have/VBP/B-VP any/DT/B-NP standing/NN/I-NP ?/./O 
I/PRP/B-NP think/VBP/B-VP Microsoft/NNP/B-NP is/VBZ/B-VP buying/VBG/I-VP maintenance/NN/B-NP certificates/NNS/I-NP for/IN/B-PP SUSE/NNP/B-NP from/IN/B-PP Novell/NNP/B-NP as/IN/B-PP part/NN/B-NP of/IN/B-PP an/DT/B-NP anti-Red/JJ/I-NP Hat/NN/I-NP sales/NNS/I-NP pitch/NN/I-NP ././O 
Just/RB/B-SBAR as/IN/I-SBAR Oracle/NNP/B-NP offers/VBZ/B-VP cheaper/JJR/B-NP support/NN/I-NP ,/,/O Microsoft/NNP/B-NP can/MD/B-VP discount/VB/I-VP ,/,/O mark/VB/B-VP up/RB/B-ADVP or/CC/O even/RB/B-VP give/VB/I-VP away/RP/B-PRT support/NN/B-NP certificates/NNS/I-NP for/IN/B-PP SUSE/NNP/B-NP to/TO/B-PP Red/NNP/B-NP Hat/NNP/I-NP customers/NNS/I-NP who/WP/B-NP would/MD/B-VP like/VB/I-VP to/TO/I-VP meet/VB/I-VP all/DT/B-NP of/IN/B-PP their/PRP$/B-NP IT/PRP/B-NP needs/VBZ/B-VP from/IN/B-PP a/DT/B-NP single/JJ/I-NP vendor/NN/I-NP ././O 
This/DT/B-NP was/VBD/B-VP the/DT/B-NP original/JJ/I-NP single-vendor/JJ/I-NP argument/NN/I-NP that/WDT/B-NP got/VBD/B-VP Sun/NNP/B-NP into/IN/B-PP the/DT/B-NP Linux/NNP/I-NP game/NN/I-NP ././O 
Novell/NNP/B-NP is/VBZ/B-VP paying/VBG/I-VP royalties/NNS/B-NP to/TO/B-PP Microsoft/NNP/B-NP ,/,/O probably/RB/B-ADVP in/IN/B-PP the/DT/B-NP form/NN/I-NP of/IN/B-PP these/DT/B-NP certificates/NNS/I-NP ././O 
In/IN/B-PP Microsoft/NNP/B-NP ,/,/O Novell/NNP/B-NP supposedly/RB/B-ADVP finds/VBZ/B-VP a/DT/B-NP large/JJ/I-NP distributor/NN/I-NP and/CC/O Microsoft/NNP/B-NP ,/,/O in/IN/B-PP turn/NN/B-NP ,/,/O finds/VBZ/B-VP a/DT/B-NP way/NN/I-NP of/IN/B-PP luring/VBG/B-VP ,/,/I-VP taming/VBG/I-VP and/CC/I-VP guiding/VBG/I-VP the/DT/B-NP Linux/NNP/I-NP portions/NNS/I-NP of/IN/B-PP IT/PRP/B-NP operations/VBZ/B-VP into/IN/B-PP Microsoft/NNP/B-NP revenue/NN/I-NP channels/NNS/I-NP ././O 
The/DT/B-NP Microsoft-Novell/NNP/I-NP partnership/NN/I-NP wo/MD/B-VP n't/RB/I-VP have/VB/I-VP an/DT/B-NP immediate/JJ/I-NP impact/NN/I-NP on/IN/B-PP IT/PRP/B-NP shops/VBZ/B-VP ././O 
It/PRP/B-NP does/VBZ/B-VP not/RB/I-VP mean/VB/I-VP that/IN/B-SBAR Microsoft/NNP/B-NP administrators/NNS/I-NP are/VBP/B-VP suddenly/RB/I-VP going/VBG/I-VP to/TO/I-VP have/VB/I-VP penguins/NNS/B-NP all/DT/B-ADVP around/IN/B-PP their/PRP$/B-NP IT/PRP/I-NP shops/VBZ/B-VP ,/,/O biting/VBG/B-VP their/PRP$/B-NP ankles/NNS/I-NP ././O 
Your/PRP$/B-NP shop/NN/I-NP probably/RB/B-ADVP has/VBZ/B-VP Linux/NNP/B-NP already/RB/B-ADVP ././O 
Microsoft/NNP/B-NP 's/POS/B-NP purpose/NN/I-NP is/VBZ/B-VP to/TO/B-VP wean/VB/I-VP you/PRP/B-NP from/IN/B-PP our/PRP$/B-NP present/JJ/I-NP Linux/NNP/I-NP sources/NNS/I-NP and/CC/O move/VB/B-VP you/PRP/B-NP over/RP/B-PRT to/TO/B-VP SUSE/VB/I-VP from/IN/B-PP Microsoft/NNP/B-NP ././O 
If/IN/B-SBAR you/PRP/B-NP do/VBP/B-VP n't/RB/I-VP have/VB/I-VP Linux/NNP/B-NP ,/,/O and/CC/O do/VBP/B-VP n't/RB/I-VP ask/VB/I-VP about/IN/B-PP it/PRP/B-NP ,/,/O you/PRP/B-NP probably/RB/B-ADVP wo/MD/B-VP n't/RB/I-VP hear/VB/I-VP about/IN/B-PP it/PRP/B-NP from/IN/B-PP your/PRP$/B-NP Microsoft/NNP/I-NP salesman/NN/I-NP ././O 
But/CC/O if/IN/B-SBAR your/PRP$/B-NP Microsoft/NNP/I-NP salesman/NN/I-NP does/VBZ/B-VP see/VB/I-VP any/DT/B-NP signs/NNS/I-NP of/IN/B-PP Linux/NNP/B-NP activity/NN/I-NP in/IN/B-PP your/PRP$/B-NP shop/NN/I-NP --/:/O and/CC/O Microsoft/NNP/B-NP has/VBZ/B-VP been/VBN/I-VP tracking/VBG/I-VP this/DT/B-NP for/IN/B-PP years/NNS/B-NP now/RB/B-ADVP --/:/O he/PRP/B-NP will/MD/B-VP have/VB/I-VP a/DT/B-NP few/JJ/I-NP suggestions/NNS/I-NP to/TO/B-VP make/VB/I-VP ././O 
Do/VB/O you/PRP/B-NP agree/VB/B-VP or/CC/I-VP disagree/VBP/I-VP with/IN/B-PP Don/NNP/B-NP 's/POS/B-NP assessment/NN/I-NP ?/./O 
What/WP/B-NP do/VBP/O you/PRP/B-NP think/VB/B-VP of/IN/B-PP the/DT/B-NP Microsoft-Novell/NNP/I-NP partnership/NN/I-NP ?/./O 
Email/NNP/B-NP us/PRP/B-NP and/CC/O let/VB/B-VP us/PRP/B-NP know/VB/B-VP ././O 
Check/VB/B-VP out/RP/B-PRT Don/NNP/B-NP 's/POS/B-NP response/NN/I-NP to/TO/B-VP reader/VB/I-VP comments/NNS/B-NP on/IN/B-PP this/DT/B-NP column/NN/I-NP ././O 
About/IN/B-PP the/DT/B-NP author/NN/I-NP :/:/O Donald/NNP/B-NP K./NNP/I-NP Rosenberg/NNP/I-NP is/VBZ/B-VP SearchOpenSource.com/NNP/B-NP 's/POS/B-NP Ask/NNP/I-NP the/DT/I-NP Expert/NNP/I-NP advisor/NN/I-NP on/IN/B-PP open/JJ/B-NP source/NN/I-NP issues/NNS/I-NP and/CC/I-NP strategies/NNS/I-NP ././O 
He/PRP/B-NP is/VBZ/B-VP president/NN/B-NP of/IN/B-PP Stromian/NNP/B-NP Technologies/NNP/I-NP ,/,/O a/DT/B-NP marketing/NN/I-NP consulting/NN/I-NP firm/NN/I-NP specializing/VBG/B-VP in/IN/B-PP OEM/NNP/B-NP software/NN/I-NP licensing/NN/I-NP ,/,/O open/JJ/B-NP source/NN/I-NP licensing/NN/I-NP ,/,/I-NP strategy/NN/I-NP and/CC/I-NP marketing/NN/I-NP issues/NNS/I-NP ././O 
He/PRP/B-NP is/VBZ/B-VP the/DT/B-NP author/NN/I-NP of/IN/B-PP OpenSource/NN/B-NP :/:/O The/DT/B-NP Unauthorized/NNP/I-NP White/NNP/I-NP Papers/NNP/I-NP (/(/O Wiley/NNP/B-NP )/)/O ,/,/O a/DT/B-NP book/NN/I-NP about/IN/B-PP taking/VBG/B-VP a/DT/B-NP business/NN/I-NP approach/NN/I-NP to/TO/B-VP open/VB/I-VP source/NN/B-NP software/NN/I-NP ././O 
Home/NN/B-NP >/UH/I-NP Open/NNP/I-NP Source/NNP/I-NP News/NNP/I-NP >/UH/I-NP Opinion/NNP/I-NP :/:/O Microsoft/NNP/B-NP ,/,/O Sun/NNP/B-NP ,/,/O Oracle/NNP/B-NP ca/MD/B-VP n't/RB/I-VP sidestep/VB/I-VP Linux/NNP/B-NP ,/,/O open/JJ/B-NP source/NN/I-NP movement/NN/I-NP 
Opinion/NN/B-NP :/:/O Microsoft/NNP/B-NP ,/,/O Sun/NNP/B-NP ,/,/O Oracle/NNP/B-NP ca/MD/B-VP n't/RB/I-VP sidestep/VB/I-VP Linux/NNP/B-NP ,/,/O open/JJ/B-NP source/NN/I-NP movement/NN/I-NP 
I/PRP/B-NP had/VBD/B-VP my/PRP$/B-NP ``/``/I-NP flying-pigs/NNS/I-NP ''/''/I-NP moment/NN/I-NP on/IN/B-PP seeing/VBG/B-VP the/DT/B-NP headlines/NNS/I-NP :/:/O rapprochement/NN/B-NP ,/,/O accord/NN/B-NP ,/,/O peace/NN/B-NP between/IN/B-PP Linux/NNP/B-NP and/CC/I-NP Microsoft/NNP/I-NP ././O 
But/CC/O when/WRB/B-ADVP I/PRP/B-NP try/VBP/B-VP to/TO/I-VP delve/VB/I-VP into/IN/B-PP the/DT/B-NP details/NNS/I-NP ,/,/O I/PRP/B-NP see/VBP/B-VP just/RB/B-NP another/DT/I-NP incremental/JJ/I-NP move/NN/I-NP in/IN/B-PP the/DT/B-NP competitive/JJ/I-NP world/NN/I-NP of/IN/B-PP commercial/JJ/B-NP software/NN/I-NP ,/,/O with/IN/B-PP an/DT/B-NP extra/JJ/I-NP dimension/NN/I-NP added/VBN/B-VP by/IN/B-PP the/DT/B-NP nature/NN/I-NP of/IN/B-PP open/JJ/B-NP source/NN/I-NP ././O 
Behind/IN/B-PP the/DT/B-NP headlines/NNS/I-NP ,/,/O I/PRP/B-NP see/VBP/B-VP a/DT/B-NP lack/NN/I-NP of/IN/B-PP understanding/NN/B-NP of/IN/B-PP open/JJ/B-NP source/NN/I-NP ././O 
I/PRP/B-NP see/VBP/B-VP proprietary/JJ/B-NP vendors/NNS/I-NP scrambling/VBG/B-VP to/TO/B-VP contain/VB/I-VP and/CC/O co-opt/JJ/B-NP open/JJ/I-NP source/NN/I-NP ,/,/O even/RB/B-SBAR as/IN/I-SBAR it/PRP/B-NP disrupts/VBZ/B-VP and/CC/I-VP erodes/VBZ/I-VP their/PRP$/B-NP businesses/NNS/I-NP ././O 
Let/VB/B-VP 's/POS/B-NP look/VB/B-VP at/IN/B-PP how/WRB/B-ADVP this/DT/B-NP has/VBZ/B-VP played/VBN/I-VP out/RP/B-PRT ././O 
Check/VB/B-VP out/RP/B-PRT Don/NNP/B-NP Rosenberg/NNP/I-NP 's/POS/B-NP responses/NNS/I-NP to/TO/B-VP reader/VB/I-VP comments/NNS/B-NP on/IN/B-PP this/DT/B-NP column/NN/I-NP 
Sun/NNP/B-NP ``/``/B-VP embraced/VBD/I-VP ''/''/O Linux/NNP/B-NP earlier/RBR/B-ADVP than/IN/B-PP Microsoft/NNP/B-NP ,/,/O because/IN/B-SBAR Sun/NNP/B-NP was/VBD/B-VP in/IN/B-PP a/DT/B-NP weaker/JJR/I-NP position/NN/I-NP ././O 
Customers/NNS/B-NP were/VBD/B-VP discovering/VBG/I-VP that/IN/B-SBAR they/PRP/B-NP could/MD/B-VP get/VB/I-VP SPARC/Solaris-like/JJ/B-NP results/NNS/I-NP from/IN/B-PP running/VBG/B-VP Linux/NNP/B-NP on/IN/B-PP cheap/JJ/B-NP hardware/NN/I-NP ././O 
One/CD/B-NP pressure/NN/I-NP on/IN/B-PP Sun/NNP/B-NP was/VBD/B-VP customers/NNS/B-NP who/WP/B-NP told/VBD/B-VP Sun/NNP/B-NP that/IN/B-SBAR they/PRP/B-NP preferred/VBD/B-VP to/TO/I-VP run/VB/I-VP Solaris/NNP/B-NP for/IN/B-PP the/DT/B-NP mission-critical/JJ/I-NP cases/NNS/I-NP ,/,/O but/CC/O that/IN/B-SBAR they/PRP/B-NP had/VBD/B-VP plenty/NN/B-NP of/IN/B-PP things/NNS/B-NP they/PRP/B-NP could/MD/B-VP do/VB/I-VP with/IN/B-PP Linux/NNP/B-NP ././O 
So/RB/B-ADVP ,/,/O they/PRP/B-NP asked/VBD/B-VP Sun/NNP/B-NP to/TO/B-VP please/VB/I-VP help/VB/I-VP them/PRP/B-NP be/VB/B-VP a/DT/B-NP single-vendor/JJ/I-NP shop/NN/I-NP by/IN/B-PP supporting/VBG/B-VP their/PRP$/B-NP efforts/NNS/I-NP ././O 
The/DT/B-NP other/JJ/I-NP pressure/NN/I-NP was/VBD/B-VP seeing/VBG/I-VP smaller/JJR/B-NP customers/NNS/I-NP simply/RB/B-ADVP desert/NN/B-NP ././O 
Sun/NNP/B-NP 's/POS/B-NP response/NN/I-NP is/VBZ/B-VP essentially/RB/B-ADVP a/DT/B-NP commodity/NN/I-NP strategy/NN/I-NP :/:/O ``/``/O We/PRP/B-NP 'll/MD/B-VP sell/VB/I-VP you/PRP/B-NP the/DT/B-NP hardware/NN/I-NP (/(/O Intel/NNP/B-NP or/CC/I-NP SPARC/NNP/I-NP )/)/O and/CC/O the/DT/B-NP OS/NNP/I-NP (/(/O Linux/NNP/B-NP or/CC/I-NP Solaris/NNP/I-NP )/)/O and/CC/O a/DT/B-NP nice/JJ/I-NP interface/NN/I-NP and/CC/I-NP office/NN/I-NP suite/NN/I-NP to/TO/B-VP go/VB/I-VP on/IN/B-PP top./NN/B-NP ''/''/O 
Microsoft/NNP/B-NP has/VBZ/B-VP been/VBN/I-VP feeling/VBG/I-VP the/DT/B-NP same/JJ/I-NP sort/NN/I-NP of/IN/B-PP pressures/NNS/B-NP from/IN/B-PP customers/NNS/B-NP in/IN/B-PP the/DT/B-NP U.S./NNP/I-NP The/DT/B-NP situation/NN/I-NP abroad/RB/B-ADVP is/VBZ/B-VP more/RBR/B-ADJP serious/JJ/I-ADJP ././O 
Microsoft/NNP/B-NP has/VBZ/B-VP been/VBN/I-VP cost-prohibitive/JJ/B-ADJP there/EX/B-NP for/IN/B-PP years/NNS/B-NP ;/:/O the/DT/B-NP World/NNP/I-NP Bank/NNP/I-NP sponsored/VBD/B-VP a/DT/B-NP conference/NN/I-NP on/IN/B-PP open/JJ/B-NP source/NN/I-NP a/DT/B-NP few/JJ/I-NP years/NNS/I-NP back/RB/B-ADVP to/TO/B-VP address/VB/I-VP the/DT/B-NP problem/NN/I-NP of/IN/B-PP how/WRB/B-ADVP the/DT/B-NP less/RBR/I-NP prosperous/JJ/I-NP nations/NNS/I-NP of/IN/B-PP the/DT/B-NP world/NN/I-NP could/MD/B-VP get/VB/I-VP into/IN/B-PP computing/NN/B-NP ,/,/O since/IN/B-SBAR they/PRP/B-NP could/MD/B-VP n't/RB/I-VP afford/VB/I-VP Microsoft/NNP/B-NP ././O 
Considering/VBG/B-VP how/WRB/B-ADVP high/JJ/B-NP open/JJ/I-NP source/NN/I-NP is/VBZ/B-VP riding/VBG/I-VP in/IN/B-PP prosperous/JJ/B-NP foreign/JJ/I-NP nations/NNS/I-NP as/RB/B-ADVP well/RB/I-ADVP ,/,/O Microsoft/NNP/B-NP has/VBZ/B-VP needed/VBN/I-VP a/DT/B-NP strategy/NN/I-NP to/TO/B-VP do/VB/I-VP well/RB/B-ADVP in/IN/B-PP that/DT/B-NP market/NN/I-NP ././O 
Microsoft/NNP/B-NP has/VBZ/B-VP been/VBN/I-VP responding/VBG/I-VP to/TO/B-PP these/DT/B-NP pressures/NNS/I-NP gradually/RB/B-ADVP ././O 
It/PRP/B-NP 's/VBZ/B-VP been/VBN/I-VP about/RB/B-NP five/CD/I-NP years/NNS/I-NP since/IN/B-SBAR I/PRP/B-NP saw/VBD/B-VP a/DT/B-NP little/JJ/I-NP Microsoft/NNP/I-NP booth/NN/I-NP in/IN/B-PP the/DT/B-NP back/NN/I-NP of/IN/B-PP LinuxWorld/NNP/B-NP Expo/NNP/I-NP ././O 
There/EX/B-NP ,/,/O Redmond/NNP/B-NP offered/VBD/B-VP an/DT/B-NP IT/NNP/I-NP management/NN/I-NP tool/NN/I-NP that/WDT/B-NP would/MD/B-VP let/VB/I-VP systems/NNS/B-NP administrators/NNS/B-NP administer/VBP/B-VP their/PRP$/B-NP Linux/NNP/I-NP and/CC/O Windows/VBZ/B-VP boxes/NNS/B-NP from/IN/B-PP a/DT/B-NP user-friendly/JJ/I-NP Windows-like/JJ/I-NP interface/NN/I-NP ././O 
That/DT/B-NP was/VBD/B-VP the/DT/B-NP first/JJ/I-NP step/NN/I-NP ././O 
Since/IN/B-PP then/RB/B-NP ,/,/O Microsoft/NNP/B-NP has/VBZ/B-VP been/VBN/I-VP sponsoring/VBG/I-VP open/JJ/B-NP source/NN/I-NP projects/NNS/I-NP of/IN/B-PP one/CD/B-NP sort/NN/I-NP or/CC/O another/DT/B-NP for/IN/B-PP years/NNS/B-NP now/RB/B-ADVP ././O 
This/DT/B-NP year/NN/I-NP ,/,/O Microsoft/NNP/B-NP partnered/VBD/B-VP with/IN/B-PP commercial/JJ/B-NP open/JJ/I-NP source/NN/I-NP software/NN/I-NP vendors/NNS/I-NP SugarCRM/NNP/I-NP and/CC/I-NP XenSource/NNP/I-NP ././O 
The/DT/B-NP Microsoft-Novell/NNP/I-NP partnership/NN/I-NP is/VBZ/B-VP a/DT/B-NP big/JJ/I-NP step/NN/I-NP ,/,/O but/CC/O it/PRP/B-NP is/VBZ/B-VP an/DT/B-NP evolutionary/JJ/I-NP ,/,/I-NP not/RB/I-NP revolutionary/JJ/I-NP victory/NN/I-NP for/IN/B-PP Linux/NNP/B-NP ././O 
Alarmists/NNS/B-NP may/MD/B-VP disagree/VB/I-VP ,/,/O but/CC/O I/PRP/B-NP do/VBP/B-VP n't/RB/I-VP think/VB/I-VP it/PRP/B-NP 's/VBZ/B-VP the/DT/B-NP beginning/NN/I-NP of/IN/B-PP the/DT/B-NP end/NN/I-NP for/IN/B-PP Linux/NNP/B-NP ,/,/O either/RB/B-ADVP ././O 
Penguins/NNS/B-NP will/MD/B-VP neither/CC/I-VP sit/VB/I-VP in/IN/B-PP the/DT/B-NP Aerons/NNP/I-NP of/IN/B-PP Redmond/NNP/B-NP drinking/NN/I-NP champagne/NN/I-NP from/IN/B-PP project/NN/B-NP managers/NNS/I-NP '/POS/B-NP skulls/NNS/I-NP ,/,/O nor/CC/O be/VB/B-VP dragged/VBN/I-VP in/IN/B-PP chains/NNS/B-NP to/TO/B-PP the/DT/B-NP shores/NNS/I-NP of/IN/B-PP Lake/NNP/B-NP Washington/NNP/I-NP ././O 
This/DT/B-NP is/VBZ/B-VP simply/RB/B-ADVP Microsoft/NNP/B-NP 's/POS/B-NP move/NN/I-NP to/TO/B-VP accommodate/VB/I-VP the/DT/B-NP changing/VBG/I-NP market/NN/I-NP ././O 
Oracle/NNP/B-NP has/VBZ/B-VP already/RB/I-VP made/VBN/I-VP a/DT/B-NP similar/JJ/I-NP move/NN/I-NP ././O 
At/IN/B-PP first/JJ/B-ADJP ,/,/O Linux/NNP/B-NP and/CC/O MySQL/NNP/B-NP (/(/O and/CC/O others/NNS/B-NP )/)/O were/VBD/B-VP eroding/VBG/I-VP the/DT/B-NP pricey/JJ/I-NP Oracle/NNP/I-NP products/NNS/I-NP ././O 
So/RB/O Oracle/NNP/B-NP began/VBD/B-VP to/TO/I-VP run/VB/I-VP on/IN/B-PP Linux/NNP/B-NP ,/,/O and/CC/O then/RB/B-ADVP to/TO/B-VP cut/VB/I-VP prices/NNS/B-NP ././O 
Microsoft/NNP/B-NP ,/,/O after/IN/B-PP all/DT/B-NP ,/,/O is/VBZ/B-VP in/IN/B-PP the/DT/B-NP same/JJ/I-NP position/NN/I-NP as/IN/B-PP Oracle/NNP/B-NP ,/,/O as/IN/B-SBAR it/PRP/B-NP also/RB/B-ADVP supports/VBZ/B-VP an/DT/B-NP enormous/JJ/I-NP sales/service/NN/I-NP organization/NN/I-NP that/WDT/B-NP could/MD/B-VP add/VB/I-VP another/DT/B-NP product/NN/I-NP to/TO/B-PP its/PRP$/B-NP wares/NNS/I-NP ././O 
The/DT/B-NP downward/JJ/I-NP pressure/NN/I-NP ,/,/O the/DT/B-NP pressure/NN/I-NP toward/IN/B-PP commoditization/NN/B-NP ,/,/O does/VBZ/B-VP not/RB/I-VP go/VB/I-VP away/RB/B-ADVP ././O 
If/IN/B-SBAR you/PRP/B-NP have/VBP/B-VP an/DT/B-NP enormous/JJ/I-NP service/NN/I-NP organization/NN/I-NP ,/,/O and/CC/O there/EX/B-NP is/VBZ/B-VP less/JJR/B-NP work/NN/I-NP for/IN/B-SBAR it/PRP/B-NP to/TO/B-VP do/VB/I-VP on/IN/B-PP the/DT/B-NP home/NN/I-NP product/NN/I-NP ,/,/O it/PRP/B-NP makes/VBZ/B-VP sense/NN/B-NP to/TO/B-VP use/VB/I-VP it/PRP/B-NP to/TO/B-VP support/VB/I-VP other/JJ/B-NP products/NNS/I-NP ././O 
If/IN/B-SBAR there/EX/B-NP were/VBD/B-VP a/DT/B-NP perfect/JJ/I-NP reciprocity/NN/I-NP between/IN/B-PP the/DT/B-NP decline/NN/I-NP of/IN/B-PP Oracle/NNP/B-NP 's/POS/B-NP products/NNS/I-NP and/CC/O the/DT/B-NP rise/NN/I-NP of/IN/B-PP Red/NNP/B-NP Hat's/NNP/I-NP ,/,/O this/DT/B-NP would/MD/B-VP be/VB/I-VP a/DT/B-NP smooth/JJ/I-NP move/NN/I-NP ././O 
But/CC/O it/PRP/B-NP 's/VBZ/B-VP really/RB/B-ADVP the/DT/B-NP beginning/NN/I-NP of/IN/B-PP a/DT/B-NP bumpy/JJ/I-NP ride/NN/I-NP ././O 
Sun's/NNP/B-NP ,/,/O Oracle/NNP/B-NP 's/POS/B-NP and/CC/O Microsoft/NNP/B-NP 's/POS/B-NP businesses/NNS/I-NP must/MD/B-VP change/VB/I-VP because/IN/B-PP of/IN/I-PP open/JJ/B-NP source/NN/I-NP --/:/O and/CC/O not/RB/O in/IN/B-PP a/DT/B-NP piecemeal/NN/I-NP fashion/NN/I-NP ././O 
Red/NNP/B-NP Hat/NNP/I-NP is/VBZ/B-VP a/DT/B-NP tough/JJ/I-NP competitor/NN/I-NP ././O 
It/PRP/B-NP has/VBZ/B-VP a/DT/B-NP strong/JJ/I-NP brand/NN/I-NP in/IN/B-PP a/DT/B-NP commodity/NN/I-NP market/NN/I-NP ,/,/O and/CC/O the/DT/B-NP company/NN/I-NP differentiates/VBZ/B-VP through/IN/B-PP service/NN/B-NP ,/,/O through/IN/B-PP proprietary/JJ/B-NP material/NN/I-NP and/CC/B-PP through/IN/B-PP branding/VBG/B-VP ././O 
Competitors/NNS/B-NP must/MD/B-VP beat/VB/I-VP Red/NNP/B-NP Hat/NNP/I-NP there/EX/B-NP or/CC/O in/IN/B-PP pricing/NN/B-NP ,/,/O or/CC/O devise/VB/B-VP a/DT/B-NP new/JJ/I-NP battlefield/NN/I-NP ././O 
There/EX/B-NP are/VBP/B-VP some/DT/B-NP foolish/JJ/I-NP outcries/NNS/I-NP that/IN/B-SBAR Oracle/NNP/B-NP 's/POS/B-NP offering/NN/I-NP of/IN/B-PP support/NN/B-NP for/IN/B-PP Red/NNP/B-NP Hat/NNP/I-NP products/NNS/I-NP is/VBZ/B-VP somehow/RB/B-ADVP a/DT/B-NP betrayal/NN/I-NP of/IN/B-PP open/JJ/B-NP source/NN/I-NP ././O 
On/IN/B-PP the/DT/B-NP contrary/NN/I-NP ,/,/O that/WDT/B-NP is/VBZ/B-VP exactly/RB/B-NP what/WP/I-NP open/JJ/I-NP source/NN/I-NP is/VBZ/B-VP about/RB/B-ADVP :/:/O no/DT/B-NP vendor/NN/I-NP lock-in/NN/I-NP ././O 
IBM/NNP/B-NP managed/VBD/B-VP to/TO/I-VP transform/VB/I-VP its/PRP$/B-NP business/NN/I-NP with/IN/B-PP the/DT/B-NP use/NN/I-NP of/IN/B-PP Linux/NNP/B-NP ././O 
Furthermore/RB/B-ADVP ,/,/O the/DT/B-NP idea/NN/I-NP that/IN/B-NP Oracle/NNP/B-NP will/MD/B-VP fork/VB/I-VP the/DT/B-NP Red/NNP/I-NP Hat/NNP/I-NP product/NN/I-NP is/VBZ/B-VP also/RB/B-ADVP absurd/JJ/B-ADJP :/:/O Red/NNP/B-NP Hat/NNP/I-NP can/MD/B-VP simply/RB/I-VP pull/VB/I-VP back/RB/B-ADVP into/IN/B-PP its/PRP$/B-NP own/JJ/I-NP product/NN/I-NP any/DT/B-NP code/NN/I-NP that/IN/B-SBAR Oracle/NNP/B-NP changes/NNS/I-NP ././O 
If/IN/B-SBAR Oracle/NNP/B-NP forks/VBZ/B-VP Linux/NNP/B-NP --/:/O and/CC/O remember/VB/B-VP ,/,/O essentially/RB/B-NP all/DT/I-NP distros/NNS/I-NP fork/VBP/B-VP Linux/NNP/B-NP in/IN/B-PP some/DT/B-NP manner/NN/I-NP --/:/O then/RB/B-ADVP it/PRP/B-NP wo/MD/B-VP n't/RB/I-VP be/VB/I-VP Red/NNP/B-NP Hat/NNP/I-NP Linux/NNP/I-NP anymore/RB/B-ADVP ././O 
The/DT/B-NP subtleties/NNS/I-NP of/IN/B-PP open/JJ/B-NP source/NN/I-NP come/VBN/B-VP into/IN/B-PP play/NN/B-NP here/RB/B-ADVP ././O 
For/IN/B-PP a/DT/B-NP number/NN/I-NP of/IN/B-PP reasons/NNS/B-NP ,/,/O Oracle/NNP/B-NP ca/MD/B-VP n't/RB/I-VP suddenly/RB/I-VP fork/VB/I-VP Red/NNP/B-NP Hat/NNP/I-NP Enterprise/NNP/I-NP Linux/NNP/I-NP (/(/O RHEL/NNP/B-NP )/)/O and/CC/O absorb/VB/B-VP all/PDT/B-NP the/DT/I-NP customers/NNS/I-NP ././O 
For/IN/B-PP one/CD/B-NP thing/NN/I-NP ,/,/O Oracle/NNP/B-NP ca/MD/B-VP n't/RB/I-VP break/VB/I-VP the/DT/B-NP terms/NNS/I-NP of/IN/B-PP the/DT/B-NP GNU/NNP/I-NP General/NNP/I-NP Public/NNP/I-NP License/NNP/I-NP 2.0/CD/I-NP referred/VBD/B-VP to/TO/I-VP above/VB/I-VP ././O 
For/IN/B-PP another/DT/B-NP ,/,/O there/EX/B-NP is/VBZ/B-VP proprietary/JJ/B-NP material/NN/I-NP in/IN/B-PP RHEL/NNP/B-NP ././O 
Red/NNP/B-NP Hat/NNP/I-NP is/VBZ/B-VP apologetic/JJ/B-ADJP about/IN/B-PP it/PRP/B-NP ,/,/O citing/VBG/B-VP security/NN/B-NP responsibilities/NNS/I-NP --/:/O but/CC/O there/RB/B-ADVP they/PRP/B-NP are/VBP/B-VP inside/IN/B-PP RHEL/NNP/B-NP ,/,/O binary/JJ/B-NP modules/NNS/I-NP with/IN/B-PP no/DT/B-NP source/NN/I-NP code/NN/I-NP and/CC/O maybe/RB/B-ADVP even/RB/B-ADVP under/IN/B-PP patent/NN/B-NP ././O 
Take/VB/B-VP RHEL/NNP/B-NP ,/,/O strip/VB/B-VP out/RP/B-PRT the/DT/B-NP trademarks/NNS/I-NP (/(/O protected/VBN/B-VP )/)/O ,/,/O the/DT/B-NP proprietary/JJ/I-NP code/NN/I-NP (/(/O protected/VBN/B-ADJP )/)/O and/CC/O you/PRP/B-NP do/VBP/B-VP n't/RB/I-VP have/VB/I-VP RHEL/NNP/B-NP ././O 
Apparently/RB/B-ADVP ,/,/O Oracle/NNP/B-NP is/VBZ/B-VP offering/VBG/I-VP to/TO/I-VP support/VB/I-VP older/JJR/B-NP ,/,/I-NP non-updated/JJ/I-NP RHEL/NNP/I-NP for/IN/B-PP which/WDT/B-NP there/EX/B-NP is/VBZ/B-VP no/DT/B-NP current/JJ/I-NP support/NN/I-NP available/JJ/B-ADJP from/IN/B-PP Red/NNP/B-NP Hat/NNP/I-NP ././O 
New/JJ/B-NP installations/NNS/I-NP will/MD/B-VP receive/VB/I-VP an/DT/B-NP operating/NN/I-NP system/NN/I-NP that/WDT/B-NP is/VBZ/B-VP supposedly/RB/B-ADVP RHEL/NNP/B-NP ,/,/O minus/CC/B-PP the/DT/B-NP parts/NNS/I-NP that/WDT/B-NP are/VBP/B-VP not/RB/O open/JJ/B-ADJP source/NN/B-NP ././O 
So/RB/B-ADVP ,/,/O it/PRP/B-NP 's/VBZ/B-VP not/RB/O Red/JJ/B-NP Hat/NN/I-NP anymore/RB/B-ADVP ././O 
One/CD/B-NP Oracle/NNP/I-NP tactic/NN/I-NP for/IN/B-PP converting/VBG/B-VP a/DT/B-NP Red/NNP/I-NP Hat/NNP/I-NP customer/NN/I-NP is/VBZ/B-VP to/TO/I-VP have/VB/I-VP him/PRP/B-NP change/VB/B-VP the/DT/B-NP URL/NNP/I-NP to/TO/B-PP which/WDT/B-NP his/PRP$/B-NP system/NN/I-NP goes/VBZ/B-VP to/TO/B-PP for/IN/B-PP updates/NNS/B-NP ././O 
Oracle/NNP/B-NP updates/VBZ/B-VP are/VBP/B-VP on/IN/B-PP the/DT/B-NP other/JJ/I-NP end/NN/I-NP ././O 
Red/NNP/B-NP Hat/NNP/I-NP wo/MD/B-VP n't/RB/I-VP sell/VB/I-VP RHEL/NN/B-NP without/IN/B-PP a/DT/B-NP support/NN/I-NP contract/NN/I-NP ,/,/O so/IN/B-SBAR Oracle/NNP/B-NP is/VBZ/B-VP not/RB/I-VP really/RB/I-VP supporting/VBG/I-VP RHEL/NNP/B-NP ././O 
Oracle/NNP/B-NP is/VBZ/B-VP simply/RB/I-VP poaching/VBG/I-VP customers/NNS/B-NP ././O 
This/DT/B-NP is/VBZ/B-VP no/DT/B-NP different/JJ/I-NP from/IN/B-PP Oracle/NNP/B-NP 's/POS/B-NP ads/NNS/I-NP aimed/VBN/B-VP at/IN/B-PP Ingres/NNP/B-NP customers/NNS/I-NP when/WRB/B-ADVP that/DT/B-NP company/NN/I-NP went/VBD/B-VP down/RB/B-ADVP ././O 
The/DT/B-NP other/JJ/I-NP subtlety/NN/I-NP is/VBZ/B-VP patents/NNS/B-NP ././O 
Any/DT/B-NP rights/NNS/I-NP to/TO/B-VP practice/VB/I-VP the/DT/B-NP patents/NNS/I-NP as/IN/B-SBAR used/VBN/B-VP in/IN/B-PP GPL-based/JJ/B-NP software/NN/I-NP are/VBP/B-VP automatically/RB/I-VP conveyed/VBN/I-VP with/IN/B-PP that/DT/B-NP software/NN/I-NP ././O 
(/(/O Lamentably/RB/B-ADVP ,/,/O GPL/NNP/B-NP 2.0/CD/I-NP is/VBZ/B-VP not/RB/O very/RB/B-ADJP clear/JJ/I-ADJP about/IN/B-PP this/DT/B-NP ././O )/)/O 
Yesterday/NN/B-NP ,/,/O Microsoft/NNP/B-NP said/VBD/B-VP it/PRP/B-NP would/MD/B-VP refrain/VB/I-VP from/IN/B-PP suits/NNS/B-NP against/IN/B-PP Linux/NNP/B-NP ././O 
In/IN/B-PP my/PRP$/B-NP opinion/NN/I-NP ,/,/O if/IN/B-SBAR Microsoft/NNP/B-NP really/RB/B-ADVP had/VBD/B-VP any/DT/B-NP grounds/NNS/I-NP for/IN/B-PP alleging/VBG/B-VP patent/NN/B-NP infringement/NN/I-NP ,/,/O they/PRP/B-NP would/MD/B-VP have/VB/I-VP made/VBN/I-VP this/DT/B-NP move/NN/I-NP long/RB/B-ADVP ago/RB/I-ADVP ././O 
Possibly/RB/B-VP looking/VBG/I-VP at/IN/B-PP SCO/NNP/B-NP and/CC/O its/PRP$/B-NP anti-Linux/JJ/I-NP lawsuit/NN/I-NP problems/NNS/I-NP discouraged/VBD/B-VP them/PRP/B-NP from/IN/B-PP playing/VBG/B-VP this/DT/B-NP card/NN/I-NP ././O 
The/DT/B-NP Linux/NNP/I-NP community/NN/I-NP 's/POS/B-NP reaction/NN/I-NP to/TO/B-PP SCO/NNP/B-NP was/VBD/B-VP successful/JJ/B-ADJP ././O 
The/DT/B-NP Linux/NNP/I-NP reaction/NN/I-NP to/TO/B-PP charges/NNS/B-NP of/IN/B-PP patent/NN/B-NP infringement/NN/I-NP is/VBZ/B-VP to/TO/B-VP drop/VB/I-VP the/DT/B-NP offending/NN/I-NP code/NN/I-NP ,/,/O or/CC/O to/TO/B-VP bring/VB/I-VP in/RP/B-PRT a/DT/B-NP stake-holder/NN/I-NP to/TO/B-VP bring/VB/I-VP a/DT/B-NP counter-action/NN/I-NP ././O 
IBM/NNP/B-NP would/MD/B-VP do/VB/I-VP nicely/RB/B-ADVP ././O 
And/CC/O here/RB/B-ADVP the/DT/B-NP patent/NN/I-NP water/NN/I-NP gets/VBZ/B-VP deeper/JJR/B-ADJP ././O 
Novell/NNP/B-NP is/VBZ/B-VP said/VBN/I-VP to/TO/I-VP be/VB/I-VP paying/VBG/I-VP a/DT/B-NP ``/``/I-NP running/VBG/I-NP royalty/NN/I-NP ''/''/O to/TO/B-PP Microsoft/NNP/B-NP for/IN/B-PP patents/NNS/B-NP in/IN/B-PP SUSE/NNP/B-NP ,/,/O implying/VBG/B-VP that/IN/B-SBAR non-paying/JJ/B-NP distros/NNS/I-NP are/VBP/B-VP infringing/VBG/I-VP Microsoft/NNP/B-NP patents/NNS/I-NP ././O 
But/CC/O Microsoft/NNP/B-NP is/VBZ/B-VP not/RB/I-VP suing/VBG/I-VP any/DT/B-NP of/IN/B-PP them/PRP/B-NP ././O 
Is/VBZ/O this/DT/B-NP supposed/VBN/B-VP to/TO/I-VP be/VB/I-VP the/DT/B-NP Death/NNP/I-NP Star/NNP/I-NP parked/VBD/B-VP outside/IN/B-ADVP threateningly/RB/I-ADVP ?/./O 
Is/VBZ/O this/DT/B-NP like/IN/B-PP a/DT/B-NP submarine/JJ/I-NP patent/NN/I-NP that/WDT/B-NP does/VBZ/B-VP not/RB/I-VP strike/VB/I-VP suddenly/RB/B-ADVP from/IN/B-PP the/DT/B-NP depths/NNS/I-NP ,/,/O but/CC/O instead/RB/B-VP lies/VBZ/I-VP there/EX/B-NP with/IN/B-PP its/PRP$/B-NP periscope/NN/I-NP showing/NN/I-NP ?/./O 
Would/MD/O a/DT/B-NP suit/NN/I-NP by/IN/B-PP such/PDT/B-NP a/DT/I-NP patent-holder/NN/I-NP have/VBP/B-VP any/DT/B-NP standing/NN/I-NP ?/./O 
I/PRP/B-NP think/VBP/B-VP Microsoft/NNP/B-NP is/VBZ/B-VP buying/VBG/I-VP maintenance/NN/B-NP certificates/NNS/I-NP for/IN/B-PP SUSE/NNP/B-NP from/IN/B-PP Novell/NNP/B-NP as/IN/B-PP part/NN/B-NP of/IN/B-PP an/DT/B-NP anti-Red/JJ/I-NP Hat/NN/I-NP sales/NNS/I-NP pitch/NN/I-NP ././O 
Just/RB/B-SBAR as/IN/I-SBAR Oracle/NNP/B-NP offers/VBZ/B-VP cheaper/JJR/B-NP support/NN/I-NP ,/,/O Microsoft/NNP/B-NP can/MD/B-VP discount/VB/I-VP ,/,/O mark/VB/B-VP up/RB/B-ADVP or/CC/O even/RB/B-VP give/VB/I-VP away/RP/B-PRT support/NN/B-NP certificates/NNS/I-NP for/IN/B-PP SUSE/NNP/B-NP to/TO/B-PP Red/NNP/B-NP Hat/NNP/I-NP customers/NNS/I-NP who/WP/B-NP would/MD/B-VP like/VB/I-VP to/TO/I-VP meet/VB/I-VP all/DT/B-NP of/IN/B-PP their/PRP$/B-NP IT/PRP/B-NP needs/VBZ/B-VP from/IN/B-PP a/DT/B-NP single/JJ/I-NP vendor/NN/I-NP ././O 
This/DT/B-NP was/VBD/B-VP the/DT/B-NP original/JJ/I-NP single-vendor/JJ/I-NP argument/NN/I-NP that/WDT/B-NP got/VBD/B-VP Sun/NNP/B-NP into/IN/B-PP the/DT/B-NP Linux/NNP/I-NP game/NN/I-NP ././O 
Novell/NNP/B-NP is/VBZ/B-VP paying/VBG/I-VP royalties/NNS/B-NP to/TO/B-PP Microsoft/NNP/B-NP ,/,/O probably/RB/B-ADVP in/IN/B-PP the/DT/B-NP form/NN/I-NP of/IN/B-PP these/DT/B-NP certificates/NNS/I-NP ././O 
In/IN/B-PP Microsoft/NNP/B-NP ,/,/O Novell/NNP/B-NP supposedly/RB/B-ADVP finds/VBZ/B-VP a/DT/B-NP large/JJ/I-NP distributor/NN/I-NP and/CC/O Microsoft/NNP/B-NP ,/,/O in/IN/B-PP turn/NN/B-NP ,/,/O finds/VBZ/B-VP a/DT/B-NP way/NN/I-NP of/IN/B-PP luring/VBG/B-VP ,/,/I-VP taming/VBG/I-VP and/CC/I-VP guiding/VBG/I-VP the/DT/B-NP Linux/NNP/I-NP portions/NNS/I-NP of/IN/B-PP IT/PRP/B-NP operations/VBZ/B-VP into/IN/B-PP Microsoft/NNP/B-NP revenue/NN/I-NP channels/NNS/I-NP ././O 
The/DT/B-NP Microsoft-Novell/NNP/I-NP partnership/NN/I-NP wo/MD/B-VP n't/RB/I-VP have/VB/I-VP an/DT/B-NP immediate/JJ/I-NP impact/NN/I-NP on/IN/B-PP IT/PRP/B-NP shops/VBZ/B-VP ././O 
It/PRP/B-NP does/VBZ/B-VP not/RB/I-VP mean/VB/I-VP that/IN/B-SBAR Microsoft/NNP/B-NP administrators/NNS/I-NP are/VBP/B-VP suddenly/RB/I-VP going/VBG/I-VP to/TO/I-VP have/VB/I-VP penguins/NNS/B-NP all/DT/B-ADVP around/IN/B-PP their/PRP$/B-NP IT/PRP/I-NP shops/VBZ/B-VP ,/,/O biting/VBG/B-VP their/PRP$/B-NP ankles/NNS/I-NP ././O 
Your/PRP$/B-NP shop/NN/I-NP probably/RB/B-ADVP has/VBZ/B-VP Linux/NNP/B-NP already/RB/B-ADVP ././O 
Microsoft/NNP/B-NP 's/POS/B-NP purpose/NN/I-NP is/VBZ/B-VP to/TO/B-VP wean/VB/I-VP you/PRP/B-NP from/IN/B-PP our/PRP$/B-NP present/JJ/I-NP Linux/NNP/I-NP sources/NNS/I-NP and/CC/O move/VB/B-VP you/PRP/B-NP over/RP/B-PRT to/TO/B-VP SUSE/VB/I-VP from/IN/B-PP Microsoft/NNP/B-NP ././O 
If/IN/B-SBAR you/PRP/B-NP do/VBP/B-VP n't/RB/I-VP have/VB/I-VP Linux/NNP/B-NP ,/,/O and/CC/O do/VBP/B-VP n't/RB/I-VP ask/VB/I-VP about/IN/B-PP it/PRP/B-NP ,/,/O you/PRP/B-NP probably/RB/B-ADVP wo/MD/B-VP n't/RB/I-VP hear/VB/I-VP about/IN/B-PP it/PRP/B-NP from/IN/B-PP your/PRP$/B-NP Microsoft/NNP/I-NP salesman/NN/I-NP ././O 
But/CC/O if/IN/B-SBAR your/PRP$/B-NP Microsoft/NNP/I-NP salesman/NN/I-NP does/VBZ/B-VP see/VB/I-VP any/DT/B-NP signs/NNS/I-NP of/IN/B-PP Linux/NNP/B-NP activity/NN/I-NP in/IN/B-PP your/PRP$/B-NP shop/NN/I-NP --/:/O and/CC/O Microsoft/NNP/B-NP has/VBZ/B-VP been/VBN/I-VP tracking/VBG/I-VP this/DT/B-NP for/IN/B-PP years/NNS/B-NP now/RB/B-ADVP --/:/O he/PRP/B-NP will/MD/B-VP have/VB/I-VP a/DT/B-NP few/JJ/I-NP suggestions/NNS/I-NP to/TO/B-VP make/VB/I-VP ././O 
Do/VB/O you/PRP/B-NP agree/VB/B-VP or/CC/I-VP disagree/VBP/I-VP with/IN/B-PP Don/NNP/B-NP 's/POS/B-NP assessment/NN/I-NP ?/./O 
What/WP/B-NP do/VBP/O you/PRP/B-NP think/VB/B-VP of/IN/B-PP the/DT/B-NP Microsoft-Novell/NNP/I-NP partnership/NN/I-NP ?/./O 
Email/NNP/B-NP us/PRP/B-NP and/CC/O let/VB/B-VP us/PRP/B-NP know/VB/B-VP ././O 
Check/VB/B-VP out/RP/B-PRT Don/NNP/B-NP 's/POS/B-NP response/NN/I-NP to/TO/B-VP reader/VB/I-VP comments/NNS/B-NP on/IN/B-PP this/DT/B-NP column/NN/I-NP ././O 
About/IN/B-PP the/DT/B-NP author/NN/I-NP :/:/O Donald/NNP/B-NP K./NNP/I-NP Rosenberg/NNP/I-NP is/VBZ/B-VP SearchOpenSource.com/NNP/B-NP 's/POS/B-NP Ask/NNP/I-NP the/DT/I-NP Expert/NNP/I-NP advisor/NN/I-NP on/IN/B-PP open/JJ/B-NP source/NN/I-NP issues/NNS/I-NP and/CC/I-NP strategies/NNS/I-NP ././O 
He/PRP/B-NP is/VBZ/B-VP president/NN/B-NP of/IN/B-PP Stromian/NNP/B-NP Technologies/NNP/I-NP ,/,/O a/DT/B-NP marketing/NN/I-NP consulting/NN/I-NP firm/NN/I-NP specializing/VBG/B-VP in/IN/B-PP OEM/NNP/B-NP software/NN/I-NP licensing/NN/I-NP ,/,/O open/JJ/B-NP source/NN/I-NP licensing/NN/I-NP ,/,/I-NP strategy/NN/I-NP and/CC/I-NP marketing/NN/I-NP issues/NNS/I-NP ././O 
He/PRP/B-NP is/VBZ/B-VP the/DT/B-NP author/NN/I-NP of/IN/B-PP OpenSource/NN/B-NP :/:/O The/DT/B-NP Unauthorized/NNP/I-NP White/NNP/I-NP Papers/NNP/I-NP (/(/O Wiley/NNP/B-NP )/)/O ,/,/O a/DT/B-NP book/NN/I-NP about/IN/B-PP taking/VBG/B-VP a/DT/B-NP business/NN/I-NP approach/NN/I-NP to/TO/B-VP open/VB/I-VP source/NN/B-NP software/NN/I-NP ././O 
OPEN/NNP/B-NP SOURCE/NNP/I-NP RELATED/NNP/I-NP LINKS/NNP/I-NP '/POS/B-NP )/)/O ;/:/O document.write/NN/B-NP (/(/O ''/''/O )/)/O ;/:/O document.write/NN/B-NP (/(/O ''/''/O )/)/O ;/:/O document.write/NN/B-NP (/(/I-NP '/''/I-NP 
Ads/NNS/B-NP by/IN/B-PP Google/NNP/B-NP '/POS/B-NP )/)/O ;/:/O document.write/NN/B-NP (/(/O ''/''/O )/)/O ;/:/O document.write/NN/B-NP (/(/O ''/''/O )/)/O ;/:/O document.write/NN/B-NP (/(/I-NP '/''/I-NP 
'/''/O )/)/O ;/:/O document.write/NN/B-NP (/(/O ''/''/O )/)/O ;/:/O for/IN/B-PP (/(/O i/PRP/B-NP =/UH/I-PRT 0/CD/B-NP ;/:/O i/PRP/B-NP </#/I-NP google_ads.length/NN/I-NP ;/:/O ++i/LS/B-LST )/)/O {/(/B-NP document.write/NN/I-NP (/(/O ''/''/O )/)/O ;/:/O document.write/NN/B-NP (/(/O ''/''/O )/)/O ;/:/O document.write/NN/B-NP (/(/I-NP '/''/I-NP 
'/''/O )/)/O ;/:/O document.write/NN/B-NP (/(/I-NP '/''/I-NP '/''/I-NP +/EX/I-NP google_ads/NNS/I-NP [/FW/I-NP i/PRP/I-NP ]/LS/B-LST ././O 
line2/NN/B-NP +/UH/B-INTJ ''/''/O )/)/O ;/:/O document.write/NN/B-NP (/(/I-NP '/''/I-NP '/''/I-NP +/EX/I-NP google_ads/NNS/I-NP [/FW/I-NP i/PRP/I-NP ]/LS/B-LST ././O 
line3/NN/B-NP +/UH/I-NP '/''/I-NP 
